08-Apr-2020 17:40:00.664 INFO [main] org.apache.catalina.startup.VersionLoggerListener.log Server version name:   Apache Tomcat/9.0.33
08-Apr-2020 17:40:00.670 INFO [main] org.apache.catalina.startup.VersionLoggerListener.log Server built:          Mar 11 2020 09:31:38 UTC
08-Apr-2020 17:40:00.670 INFO [main] org.apache.catalina.startup.VersionLoggerListener.log Server version number: 9.0.33.0
08-Apr-2020 17:40:00.671 INFO [main] org.apache.catalina.startup.VersionLoggerListener.log OS Name:               Windows 10
08-Apr-2020 17:40:00.671 INFO [main] org.apache.catalina.startup.VersionLoggerListener.log OS Version:            10.0
08-Apr-2020 17:40:00.671 INFO [main] org.apache.catalina.startup.VersionLoggerListener.log Architecture:          amd64
08-Apr-2020 17:40:00.671 INFO [main] org.apache.catalina.startup.VersionLoggerListener.log Java Home:             C:\Program Files\Java\jdk-13.0.2
08-Apr-2020 17:40:00.672 INFO [main] org.apache.catalina.startup.VersionLoggerListener.log JVM Version:           13.0.2+8
08-Apr-2020 17:40:00.672 INFO [main] org.apache.catalina.startup.VersionLoggerListener.log JVM Vendor:            Oracle Corporation
08-Apr-2020 17:40:00.672 INFO [main] org.apache.catalina.startup.VersionLoggerListener.log CATALINA_BASE:         C:\Users\Low Louis Joshua\Documents\GitHub\is442-g1t10-is442\src\web\tomcat
08-Apr-2020 17:40:00.672 INFO [main] org.apache.catalina.startup.VersionLoggerListener.log CATALINA_HOME:         C:\Users\Low Louis Joshua\Documents\GitHub\is442-g1t10-is442\src\web\tomcat
08-Apr-2020 17:40:00.712 INFO [main] org.apache.catalina.startup.VersionLoggerListener.log Command line argument: --add-opens=java.base/java.lang=ALL-UNNAMED
08-Apr-2020 17:40:00.712 INFO [main] org.apache.catalina.startup.VersionLoggerListener.log Command line argument: --add-opens=java.base/java.io=ALL-UNNAMED
08-Apr-2020 17:40:00.712 INFO [main] org.apache.catalina.startup.VersionLoggerListener.log Command line argument: --add-opens=java.rmi/sun.rmi.transport=ALL-UNNAMED
08-Apr-2020 17:40:00.713 INFO [main] org.apache.catalina.startup.VersionLoggerListener.log Command line argument: -Djava.util.logging.config.file=C:\Users\Low Louis Joshua\Documents\GitHub\is442-g1t10-is442\src\web\tomcat\conf\logging.properties
08-Apr-2020 17:40:00.713 INFO [main] org.apache.catalina.startup.VersionLoggerListener.log Command line argument: -Djava.util.logging.manager=org.apache.juli.ClassLoaderLogManager
08-Apr-2020 17:40:00.713 INFO [main] org.apache.catalina.startup.VersionLoggerListener.log Command line argument: -Djdk.tls.ephemeralDHKeySize=2048
08-Apr-2020 17:40:00.713 INFO [main] org.apache.catalina.startup.VersionLoggerListener.log Command line argument: -Djava.protocol.handler.pkgs=org.apache.catalina.webresources
08-Apr-2020 17:40:00.714 INFO [main] org.apache.catalina.startup.VersionLoggerListener.log Command line argument: -Dignore.endorsed.dirs=
08-Apr-2020 17:40:00.714 INFO [main] org.apache.catalina.startup.VersionLoggerListener.log Command line argument: -Dcatalina.base=C:\Users\Low Louis Joshua\Documents\GitHub\is442-g1t10-is442\src\web\tomcat
08-Apr-2020 17:40:00.714 INFO [main] org.apache.catalina.startup.VersionLoggerListener.log Command line argument: -Dcatalina.home=C:\Users\Low Louis Joshua\Documents\GitHub\is442-g1t10-is442\src\web\tomcat
08-Apr-2020 17:40:00.715 INFO [main] org.apache.catalina.startup.VersionLoggerListener.log Command line argument: -Djava.io.tmpdir=C:\Users\Low Louis Joshua\Documents\GitHub\is442-g1t10-is442\src\web\tomcat\temp
08-Apr-2020 17:40:00.715 INFO [main] org.apache.catalina.core.AprLifecycleListener.lifecycleEvent The APR based Apache Tomcat Native library which allows optimal performance in production environments was not found on the java.library.path: [C:\Program Files\Java\jdk-13.0.2\bin;C:\Windows\Sun\Java\bin;C:\Windows\system32;C:\Windows;C:\Users\Low Louis Joshua\Downloads\cmder_mini\bin;C:\Users\Low Louis Joshua\Downloads\cmder_mini\vendor\bin;C:\Users\Low Louis Joshua\Downloads\cmder_mini\vendor\conemu-maximus5\ConEmu\Scripts;C:\Users\Low Louis Joshua\Downloads\cmder_mini\vendor\conemu-maximus5;C:\Users\Low Louis Joshua\Downloads\cmder_mini\vendor\conemu-maximus5\ConEmu;C:\Program Files (x86)\Intel\iCLS Client\;C:\Program Files\Intel\iCLS Client\;C:\Windows\system32;C:\Windows;C:\Windows\System32\Wbem;C:\Windows\System32\WindowsPowerShell\v1.0\;C:\Windows\System32\OpenSSH\;C:\Program Files\dotnet\;C:\Program Files\Microsoft SQL Server\130\Tools\Binn\;C:\Program Files\PuTTY\;C:\Windows\system32\config\systemprofile\.dnx\bin;C:\Program Files\Microsoft DNX\Dnvm\;C:\Program Files\Docker\Docker\resources\bin;C:\ProgramData\DockerDesktop\version-bin;C:\Program Files\Git LFS;C:\Program Files\Java\jdk-13.0.2\bin;C:\Users\Low Louis Joshua\AppData\Local\Programs\Python\Python38\Scripts\;C:\Users\Low Louis Joshua\AppData\Local\Programs\Python\Python38\;C:\Users\Low Louis Joshua\AppData\Local\Microsoft\WindowsApps;C:\Users\Low Louis Joshua\AppData\Local\Programs\Microsoft VS Code\bin;C:\Users\Low Louis Joshua\AppData\Local\GitHubDesktop\bin;C:\Users\Low Louis Joshua\apache-maven-3.6.3\bin;C:\Users\Low Louis Joshua\Downloads\cmder_mini;.]
08-Apr-2020 17:40:01.116 INFO [main] org.apache.coyote.AbstractProtocol.init Initializing ProtocolHandler ["http-nio-8080"]
08-Apr-2020 17:40:01.377 INFO [main] org.apache.catalina.startup.Catalina.load Server initialization in [1,004] milliseconds
08-Apr-2020 17:40:01.435 INFO [main] org.apache.catalina.core.StandardService.startInternal Starting service [Catalina]
08-Apr-2020 17:40:01.436 INFO [main] org.apache.catalina.core.StandardEngine.startInternal Starting Servlet engine: [Apache Tomcat/9.0.33]
08-Apr-2020 17:40:01.450 INFO [main] org.apache.catalina.startup.HostConfig.deployDirectory Deploying web application directory [C:\Users\Low Louis Joshua\Documents\GitHub\is442-g1t10-is442\src\web\tomcat\webapps\docs]
08-Apr-2020 17:40:02.941 INFO [main] org.apache.jasper.servlet.TldScanner.scanJars At least one JAR was scanned for TLDs yet contained no TLDs. Enable debug logging for this logger for a complete list of JARs that were scanned but no TLDs were found in them. Skipping unneeded JARs during scanning can improve startup time and JSP compilation time.
08-Apr-2020 17:40:03.107 WARNING [main] org.apache.catalina.util.SessionIdGeneratorBase.createSecureRandom Creation of SecureRandom instance for session ID generation using [SHA1PRNG] took [130] milliseconds.
08-Apr-2020 17:40:03.137 INFO [main] org.apache.catalina.startup.HostConfig.deployDirectory Deployment of web application directory [C:\Users\Low Louis Joshua\Documents\GitHub\is442-g1t10-is442\src\web\tomcat\webapps\docs] has finished in [1,687] ms
08-Apr-2020 17:40:03.138 INFO [main] org.apache.catalina.startup.HostConfig.deployDirectory Deploying web application directory [C:\Users\Low Louis Joshua\Documents\GitHub\is442-g1t10-is442\src\web\tomcat\webapps\examples]
08-Apr-2020 17:40:05.192 INFO [main] org.apache.jasper.servlet.TldScanner.scanJars At least one JAR was scanned for TLDs yet contained no TLDs. Enable debug logging for this logger for a complete list of JARs that were scanned but no TLDs were found in them. Skipping unneeded JARs during scanning can improve startup time and JSP compilation time.
08-Apr-2020 17:40:05.307 INFO [main] org.apache.catalina.startup.HostConfig.deployDirectory Deployment of web application directory [C:\Users\Low Louis Joshua\Documents\GitHub\is442-g1t10-is442\src\web\tomcat\webapps\examples] has finished in [2,169] ms
08-Apr-2020 17:40:05.309 INFO [main] org.apache.catalina.startup.HostConfig.deployDirectory Deploying web application directory [C:\Users\Low Louis Joshua\Documents\GitHub\is442-g1t10-is442\src\web\tomcat\webapps\host-manager]
08-Apr-2020 17:40:06.162 INFO [main] org.apache.jasper.servlet.TldScanner.scanJars At least one JAR was scanned for TLDs yet contained no TLDs. Enable debug logging for this logger for a complete list of JARs that were scanned but no TLDs were found in them. Skipping unneeded JARs during scanning can improve startup time and JSP compilation time.
08-Apr-2020 17:40:06.175 INFO [main] org.apache.catalina.startup.HostConfig.deployDirectory Deployment of web application directory [C:\Users\Low Louis Joshua\Documents\GitHub\is442-g1t10-is442\src\web\tomcat\webapps\host-manager] has finished in [865] ms
08-Apr-2020 17:40:06.176 INFO [main] org.apache.catalina.startup.HostConfig.deployDirectory Deploying web application directory [C:\Users\Low Louis Joshua\Documents\GitHub\is442-g1t10-is442\src\web\tomcat\webapps\manager]
08-Apr-2020 17:40:07.021 INFO [main] org.apache.jasper.servlet.TldScanner.scanJars At least one JAR was scanned for TLDs yet contained no TLDs. Enable debug logging for this logger for a complete list of JARs that were scanned but no TLDs were found in them. Skipping unneeded JARs during scanning can improve startup time and JSP compilation time.
08-Apr-2020 17:40:07.028 INFO [main] org.apache.catalina.startup.HostConfig.deployDirectory Deployment of web application directory [C:\Users\Low Louis Joshua\Documents\GitHub\is442-g1t10-is442\src\web\tomcat\webapps\manager] has finished in [852] ms
08-Apr-2020 17:40:07.029 INFO [main] org.apache.catalina.startup.HostConfig.deployDirectory Deploying web application directory [C:\Users\Low Louis Joshua\Documents\GitHub\is442-g1t10-is442\src\web\tomcat\webapps\ROOT]
08-Apr-2020 17:40:07.834 INFO [main] org.apache.jasper.servlet.TldScanner.scanJars At least one JAR was scanned for TLDs yet contained no TLDs. Enable debug logging for this logger for a complete list of JARs that were scanned but no TLDs were found in them. Skipping unneeded JARs during scanning can improve startup time and JSP compilation time.
08-Apr-2020 17:40:07.840 INFO [main] org.apache.catalina.startup.HostConfig.deployDirectory Deployment of web application directory [C:\Users\Low Louis Joshua\Documents\GitHub\is442-g1t10-is442\src\web\tomcat\webapps\ROOT] has finished in [811] ms
08-Apr-2020 17:40:07.841 INFO [main] org.apache.catalina.startup.HostConfig.deployDirectory Deploying web application directory [C:\Users\Low Louis Joshua\Documents\GitHub\is442-g1t10-is442\src\web\tomcat\webapps\socialmagnet]
08-Apr-2020 17:40:08.616 INFO [main] org.apache.jasper.servlet.TldScanner.scanJars At least one JAR was scanned for TLDs yet contained no TLDs. Enable debug logging for this logger for a complete list of JARs that were scanned but no TLDs were found in them. Skipping unneeded JARs during scanning can improve startup time and JSP compilation time.
08-Apr-2020 17:40:08.635 INFO [main] org.apache.catalina.startup.HostConfig.deployDirectory Deployment of web application directory [C:\Users\Low Louis Joshua\Documents\GitHub\is442-g1t10-is442\src\web\tomcat\webapps\socialmagnet] has finished in [794] ms
08-Apr-2020 17:40:08.642 INFO [main] org.apache.coyote.AbstractProtocol.start Starting ProtocolHandler ["http-nio-8080"]
08-Apr-2020 17:40:08.655 INFO [main] org.apache.catalina.startup.Catalina.start Server startup in [7,275] milliseconds
08-Apr-2020 17:41:59.539 INFO [Catalina-utility-1] org.apache.catalina.core.StandardContext.reload Reloading Context with name [/socialmagnet] has started
08-Apr-2020 17:42:00.371 INFO [Catalina-utility-1] org.apache.jasper.servlet.TldScanner.scanJars At least one JAR was scanned for TLDs yet contained no TLDs. Enable debug logging for this logger for a complete list of JARs that were scanned but no TLDs were found in them. Skipping unneeded JARs during scanning can improve startup time and JSP compilation time.
08-Apr-2020 17:42:00.377 INFO [Catalina-utility-1] org.apache.catalina.core.StandardContext.reload Reloading Context with name [/socialmagnet] is completed
08-Apr-2020 17:47:02.867 INFO [Catalina-utility-2] org.apache.catalina.core.StandardContext.reload Reloading Context with name [/socialmagnet] has started
08-Apr-2020 17:47:03.751 INFO [Catalina-utility-2] org.apache.jasper.servlet.TldScanner.scanJars At least one JAR was scanned for TLDs yet contained no TLDs. Enable debug logging for this logger for a complete list of JARs that were scanned but no TLDs were found in them. Skipping unneeded JARs during scanning can improve startup time and JSP compilation time.
08-Apr-2020 17:47:03.755 INFO [Catalina-utility-2] org.apache.catalina.core.StandardContext.reload Reloading Context with name [/socialmagnet] is completed
08-Apr-2020 17:48:44.530 INFO [Catalina-utility-1] org.apache.catalina.core.StandardContext.reload Reloading Context with name [/socialmagnet] has started
08-Apr-2020 17:48:45.346 INFO [Catalina-utility-1] org.apache.jasper.servlet.TldScanner.scanJars At least one JAR was scanned for TLDs yet contained no TLDs. Enable debug logging for this logger for a complete list of JARs that were scanned but no TLDs were found in them. Skipping unneeded JARs during scanning can improve startup time and JSP compilation time.
08-Apr-2020 17:48:45.351 INFO [Catalina-utility-1] org.apache.catalina.core.StandardContext.reload Reloading Context with name [/socialmagnet] is completed
08-Apr-2020 17:51:17.009 INFO [Catalina-utility-2] org.apache.catalina.core.StandardContext.reload Reloading Context with name [/socialmagnet] has started
08-Apr-2020 17:51:17.818 INFO [Catalina-utility-2] org.apache.jasper.servlet.TldScanner.scanJars At least one JAR was scanned for TLDs yet contained no TLDs. Enable debug logging for this logger for a complete list of JARs that were scanned but no TLDs were found in them. Skipping unneeded JARs during scanning can improve startup time and JSP compilation time.
08-Apr-2020 17:51:17.830 INFO [Catalina-utility-2] org.apache.catalina.core.StandardContext.reload Reloading Context with name [/socialmagnet] is completed
08-Apr-2020 17:52:39.269 INFO [Catalina-utility-1] org.apache.catalina.core.StandardContext.reload Reloading Context with name [/socialmagnet] has started
08-Apr-2020 17:52:40.028 INFO [Catalina-utility-1] org.apache.jasper.servlet.TldScanner.scanJars At least one JAR was scanned for TLDs yet contained no TLDs. Enable debug logging for this logger for a complete list of JARs that were scanned but no TLDs were found in them. Skipping unneeded JARs during scanning can improve startup time and JSP compilation time.
08-Apr-2020 17:52:40.035 INFO [Catalina-utility-1] org.apache.catalina.core.StandardContext.reload Reloading Context with name [/socialmagnet] is completed
08-Apr-2020 17:53:10.230 INFO [Catalina-utility-1] org.apache.catalina.core.StandardContext.reload Reloading Context with name [/socialmagnet] has started
08-Apr-2020 17:53:11.033 INFO [Catalina-utility-1] org.apache.jasper.servlet.TldScanner.scanJars At least one JAR was scanned for TLDs yet contained no TLDs. Enable debug logging for this logger for a complete list of JARs that were scanned but no TLDs were found in them. Skipping unneeded JARs during scanning can improve startup time and JSP compilation time.
08-Apr-2020 17:53:11.039 INFO [Catalina-utility-1] org.apache.catalina.core.StandardContext.reload Reloading Context with name [/socialmagnet] is completed
08-Apr-2020 17:57:53.188 INFO [Catalina-utility-2] org.apache.catalina.core.StandardContext.reload Reloading Context with name [/socialmagnet] has started
08-Apr-2020 17:57:53.981 INFO [Catalina-utility-2] org.apache.jasper.servlet.TldScanner.scanJars At least one JAR was scanned for TLDs yet contained no TLDs. Enable debug logging for this logger for a complete list of JARs that were scanned but no TLDs were found in them. Skipping unneeded JARs during scanning can improve startup time and JSP compilation time.
08-Apr-2020 17:57:53.987 INFO [Catalina-utility-2] org.apache.catalina.core.StandardContext.reload Reloading Context with name [/socialmagnet] is completed
08-Apr-2020 18:02:16.165 INFO [Catalina-utility-1] org.apache.catalina.core.StandardContext.reload Reloading Context with name [/socialmagnet] has started
08-Apr-2020 18:02:16.970 INFO [Catalina-utility-1] org.apache.jasper.servlet.TldScanner.scanJars At least one JAR was scanned for TLDs yet contained no TLDs. Enable debug logging for this logger for a complete list of JARs that were scanned but no TLDs were found in them. Skipping unneeded JARs during scanning can improve startup time and JSP compilation time.
08-Apr-2020 18:02:16.977 INFO [Catalina-utility-1] org.apache.catalina.core.StandardContext.reload Reloading Context with name [/socialmagnet] is completed
08-Apr-2020 18:03:37.490 INFO [Catalina-utility-2] org.apache.catalina.core.StandardContext.reload Reloading Context with name [/socialmagnet] has started
08-Apr-2020 18:03:38.248 INFO [Catalina-utility-2] org.apache.jasper.servlet.TldScanner.scanJars At least one JAR was scanned for TLDs yet contained no TLDs. Enable debug logging for this logger for a complete list of JARs that were scanned but no TLDs were found in them. Skipping unneeded JARs during scanning can improve startup time and JSP compilation time.
08-Apr-2020 18:03:38.255 INFO [Catalina-utility-2] org.apache.catalina.core.StandardContext.reload Reloading Context with name [/socialmagnet] is completed
08-Apr-2020 18:21:46.658 INFO [Thread-3] org.apache.coyote.AbstractProtocol.pause Pausing ProtocolHandler ["http-nio-8080"]
08-Apr-2020 18:21:46.842 INFO [Thread-3] org.apache.catalina.core.StandardService.stopInternal Stopping service [Catalina]
08-Apr-2020 18:21:46.946 INFO [Thread-3] org.apache.coyote.AbstractProtocol.stop Stopping ProtocolHandler ["http-nio-8080"]
08-Apr-2020 18:21:46.962 INFO [Thread-3] org.apache.coyote.AbstractProtocol.destroy Destroying ProtocolHandler ["http-nio-8080"]
