07-Apr-2020 12:17:04.165 INFO [main] org.apache.catalina.startup.VersionLoggerListener.log Server version name:   Apache Tomcat/9.0.33
07-Apr-2020 12:17:04.171 INFO [main] org.apache.catalina.startup.VersionLoggerListener.log Server built:          Mar 11 2020 09:31:38 UTC
07-Apr-2020 12:17:04.171 INFO [main] org.apache.catalina.startup.VersionLoggerListener.log Server version number: 9.0.33.0
07-Apr-2020 12:17:04.171 INFO [main] org.apache.catalina.startup.VersionLoggerListener.log OS Name:               Windows 10
07-Apr-2020 12:17:04.171 INFO [main] org.apache.catalina.startup.VersionLoggerListener.log OS Version:            10.0
07-Apr-2020 12:17:04.171 INFO [main] org.apache.catalina.startup.VersionLoggerListener.log Architecture:          amd64
07-Apr-2020 12:17:04.172 INFO [main] org.apache.catalina.startup.VersionLoggerListener.log Java Home:             C:\Program Files\Java\jdk-13.0.2
07-Apr-2020 12:17:04.172 INFO [main] org.apache.catalina.startup.VersionLoggerListener.log JVM Version:           13.0.2+8
07-Apr-2020 12:17:04.172 INFO [main] org.apache.catalina.startup.VersionLoggerListener.log JVM Vendor:            Oracle Corporation
07-Apr-2020 12:17:04.172 INFO [main] org.apache.catalina.startup.VersionLoggerListener.log CATALINA_BASE:         C:\Users\Low Louis Joshua\Documents\GitHub\is442-g1t10-is442\src\web\tomcat
07-Apr-2020 12:17:04.173 INFO [main] org.apache.catalina.startup.VersionLoggerListener.log CATALINA_HOME:         C:\Users\Low Louis Joshua\Documents\GitHub\is442-g1t10-is442\src\web\tomcat
07-Apr-2020 12:17:04.213 INFO [main] org.apache.catalina.startup.VersionLoggerListener.log Command line argument: --add-opens=java.base/java.lang=ALL-UNNAMED
07-Apr-2020 12:17:04.214 INFO [main] org.apache.catalina.startup.VersionLoggerListener.log Command line argument: --add-opens=java.base/java.io=ALL-UNNAMED
07-Apr-2020 12:17:04.214 INFO [main] org.apache.catalina.startup.VersionLoggerListener.log Command line argument: --add-opens=java.rmi/sun.rmi.transport=ALL-UNNAMED
07-Apr-2020 12:17:04.215 INFO [main] org.apache.catalina.startup.VersionLoggerListener.log Command line argument: -Djava.util.logging.config.file=C:\Users\Low Louis Joshua\Documents\GitHub\is442-g1t10-is442\src\web\tomcat\conf\logging.properties
07-Apr-2020 12:17:04.215 INFO [main] org.apache.catalina.startup.VersionLoggerListener.log Command line argument: -Djava.util.logging.manager=org.apache.juli.ClassLoaderLogManager
07-Apr-2020 12:17:04.215 INFO [main] org.apache.catalina.startup.VersionLoggerListener.log Command line argument: -Djdk.tls.ephemeralDHKeySize=2048
07-Apr-2020 12:17:04.217 INFO [main] org.apache.catalina.startup.VersionLoggerListener.log Command line argument: -Djava.protocol.handler.pkgs=org.apache.catalina.webresources
07-Apr-2020 12:17:04.217 INFO [main] org.apache.catalina.startup.VersionLoggerListener.log Command line argument: -Dignore.endorsed.dirs=
07-Apr-2020 12:17:04.218 INFO [main] org.apache.catalina.startup.VersionLoggerListener.log Command line argument: -Dcatalina.base=C:\Users\Low Louis Joshua\Documents\GitHub\is442-g1t10-is442\src\web\tomcat
07-Apr-2020 12:17:04.219 INFO [main] org.apache.catalina.startup.VersionLoggerListener.log Command line argument: -Dcatalina.home=C:\Users\Low Louis Joshua\Documents\GitHub\is442-g1t10-is442\src\web\tomcat
07-Apr-2020 12:17:04.220 INFO [main] org.apache.catalina.startup.VersionLoggerListener.log Command line argument: -Djava.io.tmpdir=C:\Users\Low Louis Joshua\Documents\GitHub\is442-g1t10-is442\src\web\tomcat\temp
07-Apr-2020 12:17:04.222 INFO [main] org.apache.catalina.core.AprLifecycleListener.lifecycleEvent The APR based Apache Tomcat Native library which allows optimal performance in production environments was not found on the java.library.path: [C:\Program Files\Java\jdk-13.0.2\bin;C:\Windows\Sun\Java\bin;C:\Windows\system32;C:\Windows;C:\Program Files (x86)\Intel\iCLS Client\;C:\Program Files\Intel\iCLS Client\;C:\Windows\system32;C:\Windows;C:\Windows\System32\Wbem;C:\Windows\System32\WindowsPowerShell\v1.0\;C:\Windows\System32\OpenSSH\;C:\Program Files\dotnet\;C:\Program Files\Microsoft SQL Server\130\Tools\Binn\;C:\Program Files\PuTTY\;C:\Windows\system32\config\systemprofile\.dnx\bin;C:\Program Files\Microsoft DNX\Dnvm\;C:\Program Files\Docker\Docker\resources\bin;C:\ProgramData\DockerDesktop\version-bin;C:\Program Files\Git LFS;C:\Program Files\Java\jdk-13.0.2\bin;C:\Users\Low Louis Joshua\AppData\Local\Programs\Python\Python38\Scripts\;C:\Users\Low Louis Joshua\AppData\Local\Programs\Python\Python38\;C:\Users\Low Louis Joshua\AppData\Local\Microsoft\WindowsApps;C:\Users\Low Louis Joshua\AppData\Local\Programs\Microsoft VS Code\bin;C:\Users\Low Louis Joshua\AppData\Local\GitHubDesktop\bin;;.]
07-Apr-2020 12:17:04.615 INFO [main] org.apache.coyote.AbstractProtocol.init Initializing ProtocolHandler ["http-nio-8080"]
07-Apr-2020 12:17:04.893 INFO [main] org.apache.catalina.startup.Catalina.load Server initialization in [1,059] milliseconds
07-Apr-2020 12:17:04.957 INFO [main] org.apache.catalina.core.StandardService.startInternal Starting service [Catalina]
07-Apr-2020 12:17:04.957 INFO [main] org.apache.catalina.core.StandardEngine.startInternal Starting Servlet engine: [Apache Tomcat/9.0.33]
07-Apr-2020 12:17:04.983 INFO [main] org.apache.catalina.startup.HostConfig.deployDirectory Deploying web application directory [C:\Users\Low Louis Joshua\Documents\GitHub\is442-g1t10-is442\src\web\tomcat\webapps\docs]
07-Apr-2020 12:17:06.328 INFO [main] org.apache.jasper.servlet.TldScanner.scanJars At least one JAR was scanned for TLDs yet contained no TLDs. Enable debug logging for this logger for a complete list of JARs that were scanned but no TLDs were found in them. Skipping unneeded JARs during scanning can improve startup time and JSP compilation time.
07-Apr-2020 12:17:06.474 INFO [main] org.apache.catalina.startup.HostConfig.deployDirectory Deployment of web application directory [C:\Users\Low Louis Joshua\Documents\GitHub\is442-g1t10-is442\src\web\tomcat\webapps\docs] has finished in [1,492] ms
07-Apr-2020 12:17:06.476 INFO [main] org.apache.catalina.startup.HostConfig.deployDirectory Deploying web application directory [C:\Users\Low Louis Joshua\Documents\GitHub\is442-g1t10-is442\src\web\tomcat\webapps\examples]
07-Apr-2020 12:17:08.613 INFO [main] org.apache.jasper.servlet.TldScanner.scanJars At least one JAR was scanned for TLDs yet contained no TLDs. Enable debug logging for this logger for a complete list of JARs that were scanned but no TLDs were found in them. Skipping unneeded JARs during scanning can improve startup time and JSP compilation time.
07-Apr-2020 12:17:08.721 INFO [main] org.apache.catalina.startup.HostConfig.deployDirectory Deployment of web application directory [C:\Users\Low Louis Joshua\Documents\GitHub\is442-g1t10-is442\src\web\tomcat\webapps\examples] has finished in [2,246] ms
07-Apr-2020 12:17:08.727 INFO [main] org.apache.catalina.startup.HostConfig.deployDirectory Deploying web application directory [C:\Users\Low Louis Joshua\Documents\GitHub\is442-g1t10-is442\src\web\tomcat\webapps\host-manager]
07-Apr-2020 12:17:09.542 INFO [main] org.apache.jasper.servlet.TldScanner.scanJars At least one JAR was scanned for TLDs yet contained no TLDs. Enable debug logging for this logger for a complete list of JARs that were scanned but no TLDs were found in them. Skipping unneeded JARs during scanning can improve startup time and JSP compilation time.
07-Apr-2020 12:17:09.553 INFO [main] org.apache.catalina.startup.HostConfig.deployDirectory Deployment of web application directory [C:\Users\Low Louis Joshua\Documents\GitHub\is442-g1t10-is442\src\web\tomcat\webapps\host-manager] has finished in [825] ms
07-Apr-2020 12:17:09.554 INFO [main] org.apache.catalina.startup.HostConfig.deployDirectory Deploying web application directory [C:\Users\Low Louis Joshua\Documents\GitHub\is442-g1t10-is442\src\web\tomcat\webapps\manager]
07-Apr-2020 12:17:10.368 INFO [main] org.apache.jasper.servlet.TldScanner.scanJars At least one JAR was scanned for TLDs yet contained no TLDs. Enable debug logging for this logger for a complete list of JARs that were scanned but no TLDs were found in them. Skipping unneeded JARs during scanning can improve startup time and JSP compilation time.
07-Apr-2020 12:17:10.374 INFO [main] org.apache.catalina.startup.HostConfig.deployDirectory Deployment of web application directory [C:\Users\Low Louis Joshua\Documents\GitHub\is442-g1t10-is442\src\web\tomcat\webapps\manager] has finished in [820] ms
07-Apr-2020 12:17:10.375 INFO [main] org.apache.catalina.startup.HostConfig.deployDirectory Deploying web application directory [C:\Users\Low Louis Joshua\Documents\GitHub\is442-g1t10-is442\src\web\tomcat\webapps\ROOT]
07-Apr-2020 12:17:11.282 INFO [main] org.apache.jasper.servlet.TldScanner.scanJars At least one JAR was scanned for TLDs yet contained no TLDs. Enable debug logging for this logger for a complete list of JARs that were scanned but no TLDs were found in them. Skipping unneeded JARs during scanning can improve startup time and JSP compilation time.
07-Apr-2020 12:17:11.293 INFO [main] org.apache.catalina.startup.HostConfig.deployDirectory Deployment of web application directory [C:\Users\Low Louis Joshua\Documents\GitHub\is442-g1t10-is442\src\web\tomcat\webapps\ROOT] has finished in [917] ms
07-Apr-2020 12:17:11.297 INFO [main] org.apache.catalina.startup.HostConfig.deployDirectory Deploying web application directory [C:\Users\Low Louis Joshua\Documents\GitHub\is442-g1t10-is442\src\web\tomcat\webapps\socialmagnet]
07-Apr-2020 12:17:12.155 INFO [main] org.apache.jasper.servlet.TldScanner.scanJars At least one JAR was scanned for TLDs yet contained no TLDs. Enable debug logging for this logger for a complete list of JARs that were scanned but no TLDs were found in them. Skipping unneeded JARs during scanning can improve startup time and JSP compilation time.
07-Apr-2020 12:17:12.174 INFO [main] org.apache.catalina.startup.HostConfig.deployDirectory Deployment of web application directory [C:\Users\Low Louis Joshua\Documents\GitHub\is442-g1t10-is442\src\web\tomcat\webapps\socialmagnet] has finished in [877] ms
07-Apr-2020 12:17:12.180 INFO [main] org.apache.coyote.AbstractProtocol.start Starting ProtocolHandler ["http-nio-8080"]
07-Apr-2020 12:17:12.199 INFO [main] org.apache.catalina.startup.Catalina.start Server startup in [7,304] milliseconds
07-Apr-2020 12:19:13.027 INFO [Catalina-utility-2] org.apache.catalina.core.StandardContext.reload Reloading Context with name [/socialmagnet] has started
07-Apr-2020 12:19:13.943 INFO [Catalina-utility-2] org.apache.jasper.servlet.TldScanner.scanJars At least one JAR was scanned for TLDs yet contained no TLDs. Enable debug logging for this logger for a complete list of JARs that were scanned but no TLDs were found in them. Skipping unneeded JARs during scanning can improve startup time and JSP compilation time.
07-Apr-2020 12:19:13.951 INFO [Catalina-utility-2] org.apache.catalina.core.StandardContext.reload Reloading Context with name [/socialmagnet] is completed
07-Apr-2020 14:50:02.531 INFO [main] org.apache.catalina.startup.VersionLoggerListener.log Server version name:   Apache Tomcat/9.0.33
07-Apr-2020 14:50:02.536 INFO [main] org.apache.catalina.startup.VersionLoggerListener.log Server built:          Mar 11 2020 09:31:38 UTC
07-Apr-2020 14:50:02.536 INFO [main] org.apache.catalina.startup.VersionLoggerListener.log Server version number: 9.0.33.0
07-Apr-2020 14:50:02.536 INFO [main] org.apache.catalina.startup.VersionLoggerListener.log OS Name:               Windows 10
07-Apr-2020 14:50:02.537 INFO [main] org.apache.catalina.startup.VersionLoggerListener.log OS Version:            10.0
07-Apr-2020 14:50:02.537 INFO [main] org.apache.catalina.startup.VersionLoggerListener.log Architecture:          amd64
07-Apr-2020 14:50:02.537 INFO [main] org.apache.catalina.startup.VersionLoggerListener.log Java Home:             C:\Program Files\Java\jdk-13.0.2
07-Apr-2020 14:50:02.537 INFO [main] org.apache.catalina.startup.VersionLoggerListener.log JVM Version:           13.0.2+8
07-Apr-2020 14:50:02.538 INFO [main] org.apache.catalina.startup.VersionLoggerListener.log JVM Vendor:            Oracle Corporation
07-Apr-2020 14:50:02.538 INFO [main] org.apache.catalina.startup.VersionLoggerListener.log CATALINA_BASE:         C:\Users\Low Louis Joshua\Documents\GitHub\is442-g1t10-is442\src\web\tomcat
07-Apr-2020 14:50:02.539 INFO [main] org.apache.catalina.startup.VersionLoggerListener.log CATALINA_HOME:         C:\Users\Low Louis Joshua\Documents\GitHub\is442-g1t10-is442\src\web\tomcat
07-Apr-2020 14:50:02.557 INFO [main] org.apache.catalina.startup.VersionLoggerListener.log Command line argument: --add-opens=java.base/java.lang=ALL-UNNAMED
07-Apr-2020 14:50:02.559 INFO [main] org.apache.catalina.startup.VersionLoggerListener.log Command line argument: --add-opens=java.base/java.io=ALL-UNNAMED
07-Apr-2020 14:50:02.559 INFO [main] org.apache.catalina.startup.VersionLoggerListener.log Command line argument: --add-opens=java.rmi/sun.rmi.transport=ALL-UNNAMED
07-Apr-2020 14:50:02.560 INFO [main] org.apache.catalina.startup.VersionLoggerListener.log Command line argument: -Djava.util.logging.config.file=C:\Users\Low Louis Joshua\Documents\GitHub\is442-g1t10-is442\src\web\tomcat\conf\logging.properties
07-Apr-2020 14:50:02.560 INFO [main] org.apache.catalina.startup.VersionLoggerListener.log Command line argument: -Djava.util.logging.manager=org.apache.juli.ClassLoaderLogManager
07-Apr-2020 14:50:02.560 INFO [main] org.apache.catalina.startup.VersionLoggerListener.log Command line argument: -Djdk.tls.ephemeralDHKeySize=2048
07-Apr-2020 14:50:02.561 INFO [main] org.apache.catalina.startup.VersionLoggerListener.log Command line argument: -Djava.protocol.handler.pkgs=org.apache.catalina.webresources
07-Apr-2020 14:50:02.561 INFO [main] org.apache.catalina.startup.VersionLoggerListener.log Command line argument: -Dignore.endorsed.dirs=
07-Apr-2020 14:50:02.561 INFO [main] org.apache.catalina.startup.VersionLoggerListener.log Command line argument: -Dcatalina.base=C:\Users\Low Louis Joshua\Documents\GitHub\is442-g1t10-is442\src\web\tomcat
07-Apr-2020 14:50:02.562 INFO [main] org.apache.catalina.startup.VersionLoggerListener.log Command line argument: -Dcatalina.home=C:\Users\Low Louis Joshua\Documents\GitHub\is442-g1t10-is442\src\web\tomcat
07-Apr-2020 14:50:02.562 INFO [main] org.apache.catalina.startup.VersionLoggerListener.log Command line argument: -Djava.io.tmpdir=C:\Users\Low Louis Joshua\Documents\GitHub\is442-g1t10-is442\src\web\tomcat\temp
07-Apr-2020 14:50:02.562 INFO [main] org.apache.catalina.core.AprLifecycleListener.lifecycleEvent The APR based Apache Tomcat Native library which allows optimal performance in production environments was not found on the java.library.path: [C:\Program Files\Java\jdk-13.0.2\bin;C:\Windows\Sun\Java\bin;C:\Windows\system32;C:\Windows;C:\Users\Low Louis Joshua\Downloads\cmder_mini\bin;C:\Users\Low Louis Joshua\Downloads\cmder_mini\vendor\bin;C:\Users\Low Louis Joshua\Downloads\cmder_mini\vendor\conemu-maximus5\ConEmu\Scripts;C:\Users\Low Louis Joshua\Downloads\cmder_mini\vendor\conemu-maximus5;C:\Users\Low Louis Joshua\Downloads\cmder_mini\vendor\conemu-maximus5\ConEmu;C:\Program Files (x86)\Intel\iCLS Client\;C:\Program Files\Intel\iCLS Client\;C:\Windows\system32;C:\Windows;C:\Windows\System32\Wbem;C:\Windows\System32\WindowsPowerShell\v1.0\;C:\Windows\System32\OpenSSH\;C:\Program Files\dotnet\;C:\Program Files\Microsoft SQL Server\130\Tools\Binn\;C:\Program Files\PuTTY\;C:\Users\Low Louis Joshua\.dnx\bin;C:\Program Files\Microsoft DNX\Dnvm\;C:\Program Files\Docker\Docker\resources\bin;C:\ProgramData\DockerDesktop\version-bin;C:\Program Files\Git LFS;C:\Program Files\Java\jdk-13.0.2\bin;C:\Users\Low Louis Joshua\AppData\Local\Programs\Python\Python38\Scripts\;C:\Users\Low Louis Joshua\AppData\Local\Programs\Python\Python38\;C:\Users\Low Louis Joshua\AppData\Local\Microsoft\WindowsApps;C:\Users\Low Louis Joshua\AppData\Local\Programs\Microsoft VS Code\bin;C:\Users\Low Louis Joshua\AppData\Local\GitHubDesktop\bin;C:\Users\Low Louis Joshua\apache-maven-3.6.3\bin;C:\Users\Low Louis Joshua\Downloads\cmder_mini;.]
07-Apr-2020 14:50:03.027 INFO [main] org.apache.coyote.AbstractProtocol.init Initializing ProtocolHandler ["http-nio-8080"]
07-Apr-2020 14:50:03.320 INFO [main] org.apache.catalina.startup.Catalina.load Server initialization in [1,134] milliseconds
07-Apr-2020 14:50:03.387 INFO [main] org.apache.catalina.core.StandardService.startInternal Starting service [Catalina]
07-Apr-2020 14:50:03.388 INFO [main] org.apache.catalina.core.StandardEngine.startInternal Starting Servlet engine: [Apache Tomcat/9.0.33]
07-Apr-2020 14:50:03.409 INFO [main] org.apache.catalina.startup.HostConfig.deployDirectory Deploying web application directory [C:\Users\Low Louis Joshua\Documents\GitHub\is442-g1t10-is442\src\web\tomcat\webapps\docs]
07-Apr-2020 14:50:04.678 INFO [main] org.apache.jasper.servlet.TldScanner.scanJars At least one JAR was scanned for TLDs yet contained no TLDs. Enable debug logging for this logger for a complete list of JARs that were scanned but no TLDs were found in them. Skipping unneeded JARs during scanning can improve startup time and JSP compilation time.
07-Apr-2020 14:50:04.827 WARNING [main] org.apache.catalina.util.SessionIdGeneratorBase.createSecureRandom Creation of SecureRandom instance for session ID generation using [SHA1PRNG] took [118] milliseconds.
07-Apr-2020 14:50:04.852 INFO [main] org.apache.catalina.startup.HostConfig.deployDirectory Deployment of web application directory [C:\Users\Low Louis Joshua\Documents\GitHub\is442-g1t10-is442\src\web\tomcat\webapps\docs] has finished in [1,443] ms
07-Apr-2020 14:50:04.853 INFO [main] org.apache.catalina.startup.HostConfig.deployDirectory Deploying web application directory [C:\Users\Low Louis Joshua\Documents\GitHub\is442-g1t10-is442\src\web\tomcat\webapps\examples]
07-Apr-2020 14:50:06.661 INFO [main] org.apache.jasper.servlet.TldScanner.scanJars At least one JAR was scanned for TLDs yet contained no TLDs. Enable debug logging for this logger for a complete list of JARs that were scanned but no TLDs were found in them. Skipping unneeded JARs during scanning can improve startup time and JSP compilation time.
07-Apr-2020 14:50:06.804 INFO [main] org.apache.catalina.startup.HostConfig.deployDirectory Deployment of web application directory [C:\Users\Low Louis Joshua\Documents\GitHub\is442-g1t10-is442\src\web\tomcat\webapps\examples] has finished in [1,950] ms
07-Apr-2020 14:50:06.805 INFO [main] org.apache.catalina.startup.HostConfig.deployDirectory Deploying web application directory [C:\Users\Low Louis Joshua\Documents\GitHub\is442-g1t10-is442\src\web\tomcat\webapps\host-manager]
07-Apr-2020 14:50:07.711 INFO [main] org.apache.jasper.servlet.TldScanner.scanJars At least one JAR was scanned for TLDs yet contained no TLDs. Enable debug logging for this logger for a complete list of JARs that were scanned but no TLDs were found in them. Skipping unneeded JARs during scanning can improve startup time and JSP compilation time.
07-Apr-2020 14:50:07.725 INFO [main] org.apache.catalina.startup.HostConfig.deployDirectory Deployment of web application directory [C:\Users\Low Louis Joshua\Documents\GitHub\is442-g1t10-is442\src\web\tomcat\webapps\host-manager] has finished in [919] ms
07-Apr-2020 14:50:07.726 INFO [main] org.apache.catalina.startup.HostConfig.deployDirectory Deploying web application directory [C:\Users\Low Louis Joshua\Documents\GitHub\is442-g1t10-is442\src\web\tomcat\webapps\manager]
07-Apr-2020 14:50:08.748 INFO [main] org.apache.jasper.servlet.TldScanner.scanJars At least one JAR was scanned for TLDs yet contained no TLDs. Enable debug logging for this logger for a complete list of JARs that were scanned but no TLDs were found in them. Skipping unneeded JARs during scanning can improve startup time and JSP compilation time.
07-Apr-2020 14:50:08.757 INFO [main] org.apache.catalina.startup.HostConfig.deployDirectory Deployment of web application directory [C:\Users\Low Louis Joshua\Documents\GitHub\is442-g1t10-is442\src\web\tomcat\webapps\manager] has finished in [1,032] ms
07-Apr-2020 14:50:08.758 INFO [main] org.apache.catalina.startup.HostConfig.deployDirectory Deploying web application directory [C:\Users\Low Louis Joshua\Documents\GitHub\is442-g1t10-is442\src\web\tomcat\webapps\ROOT]
07-Apr-2020 14:50:09.677 INFO [main] org.apache.jasper.servlet.TldScanner.scanJars At least one JAR was scanned for TLDs yet contained no TLDs. Enable debug logging for this logger for a complete list of JARs that were scanned but no TLDs were found in them. Skipping unneeded JARs during scanning can improve startup time and JSP compilation time.
07-Apr-2020 14:50:09.684 INFO [main] org.apache.catalina.startup.HostConfig.deployDirectory Deployment of web application directory [C:\Users\Low Louis Joshua\Documents\GitHub\is442-g1t10-is442\src\web\tomcat\webapps\ROOT] has finished in [926] ms
07-Apr-2020 14:50:09.685 INFO [main] org.apache.catalina.startup.HostConfig.deployDirectory Deploying web application directory [C:\Users\Low Louis Joshua\Documents\GitHub\is442-g1t10-is442\src\web\tomcat\webapps\socialmagnet]
07-Apr-2020 14:50:10.793 INFO [main] org.apache.jasper.servlet.TldScanner.scanJars At least one JAR was scanned for TLDs yet contained no TLDs. Enable debug logging for this logger for a complete list of JARs that were scanned but no TLDs were found in them. Skipping unneeded JARs during scanning can improve startup time and JSP compilation time.
07-Apr-2020 14:50:10.805 INFO [main] org.apache.catalina.startup.HostConfig.deployDirectory Deployment of web application directory [C:\Users\Low Louis Joshua\Documents\GitHub\is442-g1t10-is442\src\web\tomcat\webapps\socialmagnet] has finished in [1,120] ms
07-Apr-2020 14:50:10.810 INFO [main] org.apache.coyote.AbstractProtocol.start Starting ProtocolHandler ["http-nio-8080"]
07-Apr-2020 14:50:10.825 INFO [main] org.apache.catalina.startup.Catalina.start Server startup in [7,503] milliseconds
07-Apr-2020 21:30:40.547 INFO [main] org.apache.catalina.startup.VersionLoggerListener.log Server version name:   Apache Tomcat/9.0.33
07-Apr-2020 21:30:40.555 INFO [main] org.apache.catalina.startup.VersionLoggerListener.log Server built:          Mar 11 2020 09:31:38 UTC
07-Apr-2020 21:30:40.555 INFO [main] org.apache.catalina.startup.VersionLoggerListener.log Server version number: 9.0.33.0
07-Apr-2020 21:30:40.557 INFO [main] org.apache.catalina.startup.VersionLoggerListener.log OS Name:               Windows 10
07-Apr-2020 21:30:40.557 INFO [main] org.apache.catalina.startup.VersionLoggerListener.log OS Version:            10.0
07-Apr-2020 21:30:40.558 INFO [main] org.apache.catalina.startup.VersionLoggerListener.log Architecture:          amd64
07-Apr-2020 21:30:40.558 INFO [main] org.apache.catalina.startup.VersionLoggerListener.log Java Home:             C:\Program Files\Java\jdk-13.0.2
07-Apr-2020 21:30:40.559 INFO [main] org.apache.catalina.startup.VersionLoggerListener.log JVM Version:           13.0.2+8
07-Apr-2020 21:30:40.559 INFO [main] org.apache.catalina.startup.VersionLoggerListener.log JVM Vendor:            Oracle Corporation
07-Apr-2020 21:30:40.560 INFO [main] org.apache.catalina.startup.VersionLoggerListener.log CATALINA_BASE:         C:\Users\Low Louis Joshua\Documents\GitHub\is442-g1t10-is442\src\web\tomcat
07-Apr-2020 21:30:40.560 INFO [main] org.apache.catalina.startup.VersionLoggerListener.log CATALINA_HOME:         C:\Users\Low Louis Joshua\Documents\GitHub\is442-g1t10-is442\src\web\tomcat
07-Apr-2020 21:30:40.599 INFO [main] org.apache.catalina.startup.VersionLoggerListener.log Command line argument: --add-opens=java.base/java.lang=ALL-UNNAMED
07-Apr-2020 21:30:40.599 INFO [main] org.apache.catalina.startup.VersionLoggerListener.log Command line argument: --add-opens=java.base/java.io=ALL-UNNAMED
07-Apr-2020 21:30:40.600 INFO [main] org.apache.catalina.startup.VersionLoggerListener.log Command line argument: --add-opens=java.rmi/sun.rmi.transport=ALL-UNNAMED
07-Apr-2020 21:30:40.600 INFO [main] org.apache.catalina.startup.VersionLoggerListener.log Command line argument: -Djava.util.logging.config.file=C:\Users\Low Louis Joshua\Documents\GitHub\is442-g1t10-is442\src\web\tomcat\conf\logging.properties
07-Apr-2020 21:30:40.600 INFO [main] org.apache.catalina.startup.VersionLoggerListener.log Command line argument: -Djava.util.logging.manager=org.apache.juli.ClassLoaderLogManager
07-Apr-2020 21:30:40.601 INFO [main] org.apache.catalina.startup.VersionLoggerListener.log Command line argument: -Djdk.tls.ephemeralDHKeySize=2048
07-Apr-2020 21:30:40.601 INFO [main] org.apache.catalina.startup.VersionLoggerListener.log Command line argument: -Djava.protocol.handler.pkgs=org.apache.catalina.webresources
07-Apr-2020 21:30:40.602 INFO [main] org.apache.catalina.startup.VersionLoggerListener.log Command line argument: -Dignore.endorsed.dirs=
07-Apr-2020 21:30:40.602 INFO [main] org.apache.catalina.startup.VersionLoggerListener.log Command line argument: -Dcatalina.base=C:\Users\Low Louis Joshua\Documents\GitHub\is442-g1t10-is442\src\web\tomcat
07-Apr-2020 21:30:40.603 INFO [main] org.apache.catalina.startup.VersionLoggerListener.log Command line argument: -Dcatalina.home=C:\Users\Low Louis Joshua\Documents\GitHub\is442-g1t10-is442\src\web\tomcat
07-Apr-2020 21:30:40.603 INFO [main] org.apache.catalina.startup.VersionLoggerListener.log Command line argument: -Djava.io.tmpdir=C:\Users\Low Louis Joshua\Documents\GitHub\is442-g1t10-is442\src\web\tomcat\temp
07-Apr-2020 21:30:40.603 INFO [main] org.apache.catalina.core.AprLifecycleListener.lifecycleEvent The APR based Apache Tomcat Native library which allows optimal performance in production environments was not found on the java.library.path: [C:\Program Files\Java\jdk-13.0.2\bin;C:\Windows\Sun\Java\bin;C:\Windows\system32;C:\Windows;C:\Users\Low Louis Joshua\Downloads\cmder_mini\bin;C:\Users\Low Louis Joshua\Downloads\cmder_mini\vendor\bin;C:\Users\Low Louis Joshua\Downloads\cmder_mini\vendor\conemu-maximus5\ConEmu\Scripts;C:\Users\Low Louis Joshua\Downloads\cmder_mini\vendor\conemu-maximus5;C:\Users\Low Louis Joshua\Downloads\cmder_mini\vendor\conemu-maximus5\ConEmu;C:\Program Files (x86)\Intel\iCLS Client\;C:\Program Files\Intel\iCLS Client\;C:\Windows\system32;C:\Windows;C:\Windows\System32\Wbem;C:\Windows\System32\WindowsPowerShell\v1.0\;C:\Windows\System32\OpenSSH\;C:\Program Files\dotnet\;C:\Program Files\Microsoft SQL Server\130\Tools\Binn\;C:\Program Files\PuTTY\;C:\Users\Low Louis Joshua\.dnx\bin;C:\Program Files\Microsoft DNX\Dnvm\;C:\Program Files\Docker\Docker\resources\bin;C:\ProgramData\DockerDesktop\version-bin;C:\Program Files\Git LFS;C:\Program Files\Java\jdk-13.0.2\bin;C:\Users\Low Louis Joshua\AppData\Local\Programs\Python\Python38\Scripts\;C:\Users\Low Louis Joshua\AppData\Local\Programs\Python\Python38\;C:\Users\Low Louis Joshua\AppData\Local\Microsoft\WindowsApps;C:\Users\Low Louis Joshua\AppData\Local\Programs\Microsoft VS Code\bin;C:\Users\Low Louis Joshua\AppData\Local\GitHubDesktop\bin;C:\Users\Low Louis Joshua\apache-maven-3.6.3\bin;C:\Users\Low Louis Joshua\Downloads\cmder_mini;.]
07-Apr-2020 21:30:40.992 INFO [main] org.apache.coyote.AbstractProtocol.init Initializing ProtocolHandler ["http-nio-8080"]
07-Apr-2020 21:30:41.267 INFO [main] org.apache.catalina.startup.Catalina.load Server initialization in [1,028] milliseconds
07-Apr-2020 21:30:41.317 INFO [main] org.apache.catalina.core.StandardService.startInternal Starting service [Catalina]
07-Apr-2020 21:30:41.317 INFO [main] org.apache.catalina.core.StandardEngine.startInternal Starting Servlet engine: [Apache Tomcat/9.0.33]
07-Apr-2020 21:30:41.331 INFO [main] org.apache.catalina.startup.HostConfig.deployDirectory Deploying web application directory [C:\Users\Low Louis Joshua\Documents\GitHub\is442-g1t10-is442\src\web\tomcat\webapps\docs]
07-Apr-2020 21:30:42.522 INFO [main] org.apache.jasper.servlet.TldScanner.scanJars At least one JAR was scanned for TLDs yet contained no TLDs. Enable debug logging for this logger for a complete list of JARs that were scanned but no TLDs were found in them. Skipping unneeded JARs during scanning can improve startup time and JSP compilation time.
07-Apr-2020 21:30:42.665 INFO [main] org.apache.catalina.startup.HostConfig.deployDirectory Deployment of web application directory [C:\Users\Low Louis Joshua\Documents\GitHub\is442-g1t10-is442\src\web\tomcat\webapps\docs] has finished in [1,334] ms
07-Apr-2020 21:30:42.666 INFO [main] org.apache.catalina.startup.HostConfig.deployDirectory Deploying web application directory [C:\Users\Low Louis Joshua\Documents\GitHub\is442-g1t10-is442\src\web\tomcat\webapps\examples]
07-Apr-2020 21:30:44.659 INFO [main] org.apache.jasper.servlet.TldScanner.scanJars At least one JAR was scanned for TLDs yet contained no TLDs. Enable debug logging for this logger for a complete list of JARs that were scanned but no TLDs were found in them. Skipping unneeded JARs during scanning can improve startup time and JSP compilation time.
07-Apr-2020 21:30:44.819 INFO [main] org.apache.catalina.startup.HostConfig.deployDirectory Deployment of web application directory [C:\Users\Low Louis Joshua\Documents\GitHub\is442-g1t10-is442\src\web\tomcat\webapps\examples] has finished in [2,153] ms
07-Apr-2020 21:30:44.820 INFO [main] org.apache.catalina.startup.HostConfig.deployDirectory Deploying web application directory [C:\Users\Low Louis Joshua\Documents\GitHub\is442-g1t10-is442\src\web\tomcat\webapps\host-manager]
07-Apr-2020 21:30:45.640 INFO [main] org.apache.jasper.servlet.TldScanner.scanJars At least one JAR was scanned for TLDs yet contained no TLDs. Enable debug logging for this logger for a complete list of JARs that were scanned but no TLDs were found in them. Skipping unneeded JARs during scanning can improve startup time and JSP compilation time.
07-Apr-2020 21:30:45.649 INFO [main] org.apache.catalina.startup.HostConfig.deployDirectory Deployment of web application directory [C:\Users\Low Louis Joshua\Documents\GitHub\is442-g1t10-is442\src\web\tomcat\webapps\host-manager] has finished in [829] ms
07-Apr-2020 21:30:45.650 INFO [main] org.apache.catalina.startup.HostConfig.deployDirectory Deploying web application directory [C:\Users\Low Louis Joshua\Documents\GitHub\is442-g1t10-is442\src\web\tomcat\webapps\manager]
07-Apr-2020 21:30:46.499 INFO [main] org.apache.jasper.servlet.TldScanner.scanJars At least one JAR was scanned for TLDs yet contained no TLDs. Enable debug logging for this logger for a complete list of JARs that were scanned but no TLDs were found in them. Skipping unneeded JARs during scanning can improve startup time and JSP compilation time.
07-Apr-2020 21:30:46.519 INFO [main] org.apache.catalina.startup.HostConfig.deployDirectory Deployment of web application directory [C:\Users\Low Louis Joshua\Documents\GitHub\is442-g1t10-is442\src\web\tomcat\webapps\manager] has finished in [869] ms
07-Apr-2020 21:30:46.521 INFO [main] org.apache.catalina.startup.HostConfig.deployDirectory Deploying web application directory [C:\Users\Low Louis Joshua\Documents\GitHub\is442-g1t10-is442\src\web\tomcat\webapps\ROOT]
07-Apr-2020 21:30:47.447 INFO [main] org.apache.jasper.servlet.TldScanner.scanJars At least one JAR was scanned for TLDs yet contained no TLDs. Enable debug logging for this logger for a complete list of JARs that were scanned but no TLDs were found in them. Skipping unneeded JARs during scanning can improve startup time and JSP compilation time.
07-Apr-2020 21:30:47.455 INFO [main] org.apache.catalina.startup.HostConfig.deployDirectory Deployment of web application directory [C:\Users\Low Louis Joshua\Documents\GitHub\is442-g1t10-is442\src\web\tomcat\webapps\ROOT] has finished in [934] ms
07-Apr-2020 21:30:47.457 INFO [main] org.apache.catalina.startup.HostConfig.deployDirectory Deploying web application directory [C:\Users\Low Louis Joshua\Documents\GitHub\is442-g1t10-is442\src\web\tomcat\webapps\socialmagnet]
07-Apr-2020 21:30:48.366 INFO [main] org.apache.jasper.servlet.TldScanner.scanJars At least one JAR was scanned for TLDs yet contained no TLDs. Enable debug logging for this logger for a complete list of JARs that were scanned but no TLDs were found in them. Skipping unneeded JARs during scanning can improve startup time and JSP compilation time.
07-Apr-2020 21:30:48.381 INFO [main] org.apache.catalina.startup.HostConfig.deployDirectory Deployment of web application directory [C:\Users\Low Louis Joshua\Documents\GitHub\is442-g1t10-is442\src\web\tomcat\webapps\socialmagnet] has finished in [924] ms
07-Apr-2020 21:30:48.386 INFO [main] org.apache.coyote.AbstractProtocol.start Starting ProtocolHandler ["http-nio-8080"]
07-Apr-2020 21:30:48.398 INFO [main] org.apache.catalina.startup.Catalina.start Server startup in [7,128] milliseconds
07-Apr-2020 21:31:58.886 INFO [Catalina-utility-2] org.apache.catalina.core.StandardContext.reload Reloading Context with name [/socialmagnet] has started
07-Apr-2020 21:31:59.827 INFO [Catalina-utility-2] org.apache.jasper.servlet.TldScanner.scanJars At least one JAR was scanned for TLDs yet contained no TLDs. Enable debug logging for this logger for a complete list of JARs that were scanned but no TLDs were found in them. Skipping unneeded JARs during scanning can improve startup time and JSP compilation time.
07-Apr-2020 21:31:59.834 INFO [Catalina-utility-2] org.apache.catalina.core.StandardContext.reload Reloading Context with name [/socialmagnet] is completed
