04-Apr-2020 14:42:01.349 INFO [main] org.apache.catalina.startup.VersionLoggerListener.log Server version name:   Apache Tomcat/9.0.33
04-Apr-2020 14:42:01.356 INFO [main] org.apache.catalina.startup.VersionLoggerListener.log Server built:          Mar 11 2020 09:31:38 UTC
04-Apr-2020 14:42:01.357 INFO [main] org.apache.catalina.startup.VersionLoggerListener.log Server version number: 9.0.33.0
04-Apr-2020 14:42:01.357 INFO [main] org.apache.catalina.startup.VersionLoggerListener.log OS Name:               Windows 10
04-Apr-2020 14:42:01.357 INFO [main] org.apache.catalina.startup.VersionLoggerListener.log OS Version:            10.0
04-Apr-2020 14:42:01.358 INFO [main] org.apache.catalina.startup.VersionLoggerListener.log Architecture:          amd64
04-Apr-2020 14:42:01.358 INFO [main] org.apache.catalina.startup.VersionLoggerListener.log Java Home:             C:\Program Files\Java\jdk-13.0.2
04-Apr-2020 14:42:01.358 INFO [main] org.apache.catalina.startup.VersionLoggerListener.log JVM Version:           13.0.2+8
04-Apr-2020 14:42:01.359 INFO [main] org.apache.catalina.startup.VersionLoggerListener.log JVM Vendor:            Oracle Corporation
04-Apr-2020 14:42:01.359 INFO [main] org.apache.catalina.startup.VersionLoggerListener.log CATALINA_BASE:         C:\Users\Low Louis Joshua\Documents\GitHub\is442-g1t10-is442\src\web\tomcat
04-Apr-2020 14:42:01.360 INFO [main] org.apache.catalina.startup.VersionLoggerListener.log CATALINA_HOME:         C:\Users\Low Louis Joshua\Documents\GitHub\is442-g1t10-is442\src\web\tomcat
04-Apr-2020 14:42:01.380 INFO [main] org.apache.catalina.startup.VersionLoggerListener.log Command line argument: --add-opens=java.base/java.lang=ALL-UNNAMED
04-Apr-2020 14:42:01.381 INFO [main] org.apache.catalina.startup.VersionLoggerListener.log Command line argument: --add-opens=java.base/java.io=ALL-UNNAMED
04-Apr-2020 14:42:01.381 INFO [main] org.apache.catalina.startup.VersionLoggerListener.log Command line argument: --add-opens=java.rmi/sun.rmi.transport=ALL-UNNAMED
04-Apr-2020 14:42:01.382 INFO [main] org.apache.catalina.startup.VersionLoggerListener.log Command line argument: -Djava.util.logging.config.file=C:\Users\Low Louis Joshua\Documents\GitHub\is442-g1t10-is442\src\web\tomcat\conf\logging.properties
04-Apr-2020 14:42:01.383 INFO [main] org.apache.catalina.startup.VersionLoggerListener.log Command line argument: -Djava.util.logging.manager=org.apache.juli.ClassLoaderLogManager
04-Apr-2020 14:42:01.384 INFO [main] org.apache.catalina.startup.VersionLoggerListener.log Command line argument: -Djdk.tls.ephemeralDHKeySize=2048
04-Apr-2020 14:42:01.386 INFO [main] org.apache.catalina.startup.VersionLoggerListener.log Command line argument: -Djava.protocol.handler.pkgs=org.apache.catalina.webresources
04-Apr-2020 14:42:01.386 INFO [main] org.apache.catalina.startup.VersionLoggerListener.log Command line argument: -Dignore.endorsed.dirs=
04-Apr-2020 14:42:01.387 INFO [main] org.apache.catalina.startup.VersionLoggerListener.log Command line argument: -Dcatalina.base=C:\Users\Low Louis Joshua\Documents\GitHub\is442-g1t10-is442\src\web\tomcat
04-Apr-2020 14:42:01.389 INFO [main] org.apache.catalina.startup.VersionLoggerListener.log Command line argument: -Dcatalina.home=C:\Users\Low Louis Joshua\Documents\GitHub\is442-g1t10-is442\src\web\tomcat
04-Apr-2020 14:42:01.389 INFO [main] org.apache.catalina.startup.VersionLoggerListener.log Command line argument: -Djava.io.tmpdir=C:\Users\Low Louis Joshua\Documents\GitHub\is442-g1t10-is442\src\web\tomcat\temp
04-Apr-2020 14:42:01.394 INFO [main] org.apache.catalina.core.AprLifecycleListener.lifecycleEvent The APR based Apache Tomcat Native library which allows optimal performance in production environments was not found on the java.library.path: [C:\Program Files\Java\jdk-13.0.2\bin;C:\Windows\Sun\Java\bin;C:\Windows\system32;C:\Windows;C:\Program Files (x86)\Intel\iCLS Client\;C:\Program Files\Intel\iCLS Client\;C:\Windows\system32;C:\Windows;C:\Windows\System32\Wbem;C:\Windows\System32\WindowsPowerShell\v1.0\;C:\Windows\System32\OpenSSH\;C:\Program Files\dotnet\;C:\Program Files\Microsoft SQL Server\130\Tools\Binn\;C:\Program Files\PuTTY\;C:\Users\Low Louis Joshua\.dnx\bin;C:\Program Files\Microsoft DNX\Dnvm\;C:\Program Files\Docker\Docker\resources\bin;C:\ProgramData\DockerDesktop\version-bin;C:\Program Files\Java\jdk-13.0.2\bin;C:\Users\Low Louis Joshua\AppData\Local\Programs\Python\Python38\Scripts\;C:\Users\Low Louis Joshua\AppData\Local\Programs\Python\Python38\;C:\Users\Low Louis Joshua\AppData\Local\Microsoft\WindowsApps;C:\Users\Low Louis Joshua\AppData\Local\Programs\Microsoft VS Code\bin;C:\Users\Low Louis Joshua\AppData\Local\GitHubDesktop\bin;;.]
04-Apr-2020 14:42:01.804 INFO [main] org.apache.coyote.AbstractProtocol.init Initializing ProtocolHandler ["http-nio-80"]
04-Apr-2020 14:42:02.403 INFO [main] org.apache.catalina.startup.Catalina.load Server initialization in [1,304] milliseconds
04-Apr-2020 14:42:02.451 INFO [main] org.apache.catalina.core.StandardService.startInternal Starting service [Catalina]
04-Apr-2020 14:42:02.452 INFO [main] org.apache.catalina.core.StandardEngine.startInternal Starting Servlet engine: [Apache Tomcat/9.0.33]
04-Apr-2020 14:42:02.479 INFO [main] org.apache.catalina.startup.HostConfig.deployDirectory Deploying web application directory [C:\Users\Low Louis Joshua\Documents\GitHub\is442-g1t10-is442\src\web\tomcat\webapps\docs]
04-Apr-2020 14:42:02.993 WARNING [main] org.apache.catalina.util.SessionIdGeneratorBase.createSecureRandom Creation of SecureRandom instance for session ID generation using [SHA1PRNG] took [197] milliseconds.
04-Apr-2020 14:42:03.033 INFO [main] org.apache.catalina.startup.HostConfig.deployDirectory Deployment of web application directory [C:\Users\Low Louis Joshua\Documents\GitHub\is442-g1t10-is442\src\web\tomcat\webapps\docs] has finished in [555] ms
04-Apr-2020 14:42:03.034 INFO [main] org.apache.catalina.startup.HostConfig.deployDirectory Deploying web application directory [C:\Users\Low Louis Joshua\Documents\GitHub\is442-g1t10-is442\src\web\tomcat\webapps\examples]
04-Apr-2020 14:42:04.710 INFO [main] org.apache.catalina.startup.HostConfig.deployDirectory Deployment of web application directory [C:\Users\Low Louis Joshua\Documents\GitHub\is442-g1t10-is442\src\web\tomcat\webapps\examples] has finished in [1,675] ms
04-Apr-2020 14:42:04.712 INFO [main] org.apache.catalina.startup.HostConfig.deployDirectory Deploying web application directory [C:\Users\Low Louis Joshua\Documents\GitHub\is442-g1t10-is442\src\web\tomcat\webapps\host-manager]
04-Apr-2020 14:42:04.811 INFO [main] org.apache.catalina.startup.HostConfig.deployDirectory Deployment of web application directory [C:\Users\Low Louis Joshua\Documents\GitHub\is442-g1t10-is442\src\web\tomcat\webapps\host-manager] has finished in [99] ms
04-Apr-2020 14:42:04.812 INFO [main] org.apache.catalina.startup.HostConfig.deployDirectory Deploying web application directory [C:\Users\Low Louis Joshua\Documents\GitHub\is442-g1t10-is442\src\web\tomcat\webapps\manager]
04-Apr-2020 14:42:04.892 INFO [main] org.apache.catalina.startup.HostConfig.deployDirectory Deployment of web application directory [C:\Users\Low Louis Joshua\Documents\GitHub\is442-g1t10-is442\src\web\tomcat\webapps\manager] has finished in [80] ms
04-Apr-2020 14:42:04.897 INFO [main] org.apache.catalina.startup.HostConfig.deployDirectory Deploying web application directory [C:\Users\Low Louis Joshua\Documents\GitHub\is442-g1t10-is442\src\web\tomcat\webapps\ROOT]
04-Apr-2020 14:42:04.965 INFO [main] org.apache.catalina.startup.HostConfig.deployDirectory Deployment of web application directory [C:\Users\Low Louis Joshua\Documents\GitHub\is442-g1t10-is442\src\web\tomcat\webapps\ROOT] has finished in [69] ms
04-Apr-2020 14:42:04.972 INFO [main] org.apache.coyote.AbstractProtocol.start Starting ProtocolHandler ["http-nio-80"]
04-Apr-2020 14:42:04.988 INFO [main] org.apache.catalina.startup.Catalina.start Server startup in [2,584] milliseconds
04-Apr-2020 14:44:37.326 INFO [Catalina-utility-2] org.apache.catalina.startup.HostConfig.deployDirectory Deploying web application directory [C:\Users\Low Louis Joshua\Documents\GitHub\is442-g1t10-is442\src\web\tomcat\webapps\socialmagnet]
04-Apr-2020 14:44:37.406 INFO [Catalina-utility-2] org.apache.catalina.startup.HostConfig.deployDirectory Deployment of web application directory [C:\Users\Low Louis Joshua\Documents\GitHub\is442-g1t10-is442\src\web\tomcat\webapps\socialmagnet] has finished in [81] ms
04-Apr-2020 15:05:11.440 INFO [Thread-3] org.apache.coyote.AbstractProtocol.pause Pausing ProtocolHandler ["http-nio-80"]
04-Apr-2020 15:05:11.624 INFO [Thread-3] org.apache.catalina.core.StandardService.stopInternal Stopping service [Catalina]
04-Apr-2020 15:05:11.677 INFO [Thread-3] org.apache.coyote.AbstractProtocol.stop Stopping ProtocolHandler ["http-nio-80"]
04-Apr-2020 15:05:11.682 INFO [Thread-3] org.apache.coyote.AbstractProtocol.destroy Destroying ProtocolHandler ["http-nio-80"]
04-Apr-2020 15:06:09.854 INFO [main] org.apache.catalina.startup.VersionLoggerListener.log Server version name:   Apache Tomcat/9.0.33
04-Apr-2020 15:06:09.858 INFO [main] org.apache.catalina.startup.VersionLoggerListener.log Server built:          Mar 11 2020 09:31:38 UTC
04-Apr-2020 15:06:09.859 INFO [main] org.apache.catalina.startup.VersionLoggerListener.log Server version number: 9.0.33.0
04-Apr-2020 15:06:09.859 INFO [main] org.apache.catalina.startup.VersionLoggerListener.log OS Name:               Windows 10
04-Apr-2020 15:06:09.860 INFO [main] org.apache.catalina.startup.VersionLoggerListener.log OS Version:            10.0
04-Apr-2020 15:06:09.860 INFO [main] org.apache.catalina.startup.VersionLoggerListener.log Architecture:          amd64
04-Apr-2020 15:06:09.861 INFO [main] org.apache.catalina.startup.VersionLoggerListener.log Java Home:             C:\Program Files\Java\jdk-13.0.2
04-Apr-2020 15:06:09.861 INFO [main] org.apache.catalina.startup.VersionLoggerListener.log JVM Version:           13.0.2+8
04-Apr-2020 15:06:09.862 INFO [main] org.apache.catalina.startup.VersionLoggerListener.log JVM Vendor:            Oracle Corporation
04-Apr-2020 15:06:09.862 INFO [main] org.apache.catalina.startup.VersionLoggerListener.log CATALINA_BASE:         C:\Users\Low Louis Joshua\Documents\GitHub\is442-g1t10-is442\src\web\tomcat
04-Apr-2020 15:06:09.862 INFO [main] org.apache.catalina.startup.VersionLoggerListener.log CATALINA_HOME:         C:\Users\Low Louis Joshua\Documents\GitHub\is442-g1t10-is442\src\web\tomcat
04-Apr-2020 15:06:09.881 INFO [main] org.apache.catalina.startup.VersionLoggerListener.log Command line argument: --add-opens=java.base/java.lang=ALL-UNNAMED
04-Apr-2020 15:06:09.882 INFO [main] org.apache.catalina.startup.VersionLoggerListener.log Command line argument: --add-opens=java.base/java.io=ALL-UNNAMED
04-Apr-2020 15:06:09.882 INFO [main] org.apache.catalina.startup.VersionLoggerListener.log Command line argument: --add-opens=java.rmi/sun.rmi.transport=ALL-UNNAMED
04-Apr-2020 15:06:09.882 INFO [main] org.apache.catalina.startup.VersionLoggerListener.log Command line argument: -Djava.util.logging.config.file=C:\Users\Low Louis Joshua\Documents\GitHub\is442-g1t10-is442\src\web\tomcat\conf\logging.properties
04-Apr-2020 15:06:09.883 INFO [main] org.apache.catalina.startup.VersionLoggerListener.log Command line argument: -Djava.util.logging.manager=org.apache.juli.ClassLoaderLogManager
04-Apr-2020 15:06:09.884 INFO [main] org.apache.catalina.startup.VersionLoggerListener.log Command line argument: -Djdk.tls.ephemeralDHKeySize=2048
04-Apr-2020 15:06:09.886 INFO [main] org.apache.catalina.startup.VersionLoggerListener.log Command line argument: -Djava.protocol.handler.pkgs=org.apache.catalina.webresources
04-Apr-2020 15:06:09.887 INFO [main] org.apache.catalina.startup.VersionLoggerListener.log Command line argument: -Dignore.endorsed.dirs=
04-Apr-2020 15:06:09.887 INFO [main] org.apache.catalina.startup.VersionLoggerListener.log Command line argument: -Dcatalina.base=C:\Users\Low Louis Joshua\Documents\GitHub\is442-g1t10-is442\src\web\tomcat
04-Apr-2020 15:06:09.888 INFO [main] org.apache.catalina.startup.VersionLoggerListener.log Command line argument: -Dcatalina.home=C:\Users\Low Louis Joshua\Documents\GitHub\is442-g1t10-is442\src\web\tomcat
04-Apr-2020 15:06:09.888 INFO [main] org.apache.catalina.startup.VersionLoggerListener.log Command line argument: -Djava.io.tmpdir=C:\Users\Low Louis Joshua\Documents\GitHub\is442-g1t10-is442\src\web\tomcat\temp
04-Apr-2020 15:06:09.889 INFO [main] org.apache.catalina.core.AprLifecycleListener.lifecycleEvent The APR based Apache Tomcat Native library which allows optimal performance in production environments was not found on the java.library.path: [C:\Program Files\Java\jdk-13.0.2\bin;C:\Windows\Sun\Java\bin;C:\Windows\system32;C:\Windows;C:\Program Files (x86)\Intel\iCLS Client\;C:\Program Files\Intel\iCLS Client\;C:\Windows\system32;C:\Windows;C:\Windows\System32\Wbem;C:\Windows\System32\WindowsPowerShell\v1.0\;C:\Windows\System32\OpenSSH\;C:\Program Files\dotnet\;C:\Program Files\Microsoft SQL Server\130\Tools\Binn\;C:\Program Files\PuTTY\;C:\Users\Low Louis Joshua\.dnx\bin;C:\Program Files\Microsoft DNX\Dnvm\;C:\Program Files\Docker\Docker\resources\bin;C:\ProgramData\DockerDesktop\version-bin;C:\Program Files\Java\jdk-13.0.2\bin;C:\Users\Low Louis Joshua\AppData\Local\Programs\Python\Python38\Scripts\;C:\Users\Low Louis Joshua\AppData\Local\Programs\Python\Python38\;C:\Users\Low Louis Joshua\AppData\Local\Microsoft\WindowsApps;C:\Users\Low Louis Joshua\AppData\Local\Programs\Microsoft VS Code\bin;C:\Users\Low Louis Joshua\AppData\Local\GitHubDesktop\bin;;.]
04-Apr-2020 15:06:10.213 INFO [main] org.apache.coyote.AbstractProtocol.init Initializing ProtocolHandler ["http-nio-80"]
04-Apr-2020 15:06:10.588 INFO [main] org.apache.catalina.startup.Catalina.load Server initialization in [1,004] milliseconds
04-Apr-2020 15:06:10.634 INFO [main] org.apache.catalina.core.StandardService.startInternal Starting service [Catalina]
04-Apr-2020 15:06:10.635 INFO [main] org.apache.catalina.core.StandardEngine.startInternal Starting Servlet engine: [Apache Tomcat/9.0.33]
04-Apr-2020 15:06:10.654 INFO [main] org.apache.catalina.startup.HostConfig.deployDirectory Deploying web application directory [C:\Users\Low Louis Joshua\Documents\GitHub\is442-g1t10-is442\src\web\tomcat\webapps\docs]
04-Apr-2020 15:06:11.101 WARNING [main] org.apache.catalina.util.SessionIdGeneratorBase.createSecureRandom Creation of SecureRandom instance for session ID generation using [SHA1PRNG] took [157] milliseconds.
04-Apr-2020 15:06:11.139 INFO [main] org.apache.catalina.startup.HostConfig.deployDirectory Deployment of web application directory [C:\Users\Low Louis Joshua\Documents\GitHub\is442-g1t10-is442\src\web\tomcat\webapps\docs] has finished in [485] ms
04-Apr-2020 15:06:11.143 INFO [main] org.apache.catalina.startup.HostConfig.deployDirectory Deploying web application directory [C:\Users\Low Louis Joshua\Documents\GitHub\is442-g1t10-is442\src\web\tomcat\webapps\examples]
04-Apr-2020 15:06:12.016 INFO [main] org.apache.catalina.startup.HostConfig.deployDirectory Deployment of web application directory [C:\Users\Low Louis Joshua\Documents\GitHub\is442-g1t10-is442\src\web\tomcat\webapps\examples] has finished in [873] ms
04-Apr-2020 15:06:12.017 INFO [main] org.apache.catalina.startup.HostConfig.deployDirectory Deploying web application directory [C:\Users\Low Louis Joshua\Documents\GitHub\is442-g1t10-is442\src\web\tomcat\webapps\host-manager]
04-Apr-2020 15:06:12.097 INFO [main] org.apache.catalina.startup.HostConfig.deployDirectory Deployment of web application directory [C:\Users\Low Louis Joshua\Documents\GitHub\is442-g1t10-is442\src\web\tomcat\webapps\host-manager] has finished in [81] ms
04-Apr-2020 15:06:12.098 INFO [main] org.apache.catalina.startup.HostConfig.deployDirectory Deploying web application directory [C:\Users\Low Louis Joshua\Documents\GitHub\is442-g1t10-is442\src\web\tomcat\webapps\manager]
04-Apr-2020 15:06:12.158 INFO [main] org.apache.catalina.startup.HostConfig.deployDirectory Deployment of web application directory [C:\Users\Low Louis Joshua\Documents\GitHub\is442-g1t10-is442\src\web\tomcat\webapps\manager] has finished in [60] ms
04-Apr-2020 15:06:12.159 INFO [main] org.apache.catalina.startup.HostConfig.deployDirectory Deploying web application directory [C:\Users\Low Louis Joshua\Documents\GitHub\is442-g1t10-is442\src\web\tomcat\webapps\ROOT]
04-Apr-2020 15:06:12.220 INFO [main] org.apache.catalina.startup.HostConfig.deployDirectory Deployment of web application directory [C:\Users\Low Louis Joshua\Documents\GitHub\is442-g1t10-is442\src\web\tomcat\webapps\ROOT] has finished in [61] ms
04-Apr-2020 15:06:12.220 INFO [main] org.apache.catalina.startup.HostConfig.deployDirectory Deploying web application directory [C:\Users\Low Louis Joshua\Documents\GitHub\is442-g1t10-is442\src\web\tomcat\webapps\socialmagnet]
04-Apr-2020 15:06:12.293 INFO [main] org.apache.catalina.startup.HostConfig.deployDirectory Deployment of web application directory [C:\Users\Low Louis Joshua\Documents\GitHub\is442-g1t10-is442\src\web\tomcat\webapps\socialmagnet] has finished in [73] ms
04-Apr-2020 15:06:12.299 INFO [main] org.apache.coyote.AbstractProtocol.start Starting ProtocolHandler ["http-nio-80"]
04-Apr-2020 15:06:12.311 INFO [main] org.apache.catalina.startup.Catalina.start Server startup in [1,721] milliseconds
04-Apr-2020 15:54:28.857 INFO [main] org.apache.catalina.startup.VersionLoggerListener.log Server version name:   Apache Tomcat/9.0.33
04-Apr-2020 15:54:28.867 INFO [main] org.apache.catalina.startup.VersionLoggerListener.log Server built:          Mar 11 2020 09:31:38 UTC
04-Apr-2020 15:54:28.869 INFO [main] org.apache.catalina.startup.VersionLoggerListener.log Server version number: 9.0.33.0
04-Apr-2020 15:54:28.870 INFO [main] org.apache.catalina.startup.VersionLoggerListener.log OS Name:               Windows 10
04-Apr-2020 15:54:28.870 INFO [main] org.apache.catalina.startup.VersionLoggerListener.log OS Version:            10.0
04-Apr-2020 15:54:28.871 INFO [main] org.apache.catalina.startup.VersionLoggerListener.log Architecture:          amd64
04-Apr-2020 15:54:28.874 INFO [main] org.apache.catalina.startup.VersionLoggerListener.log Java Home:             C:\Program Files\Java\jdk-13.0.2
04-Apr-2020 15:54:28.876 INFO [main] org.apache.catalina.startup.VersionLoggerListener.log JVM Version:           13.0.2+8
04-Apr-2020 15:54:28.881 INFO [main] org.apache.catalina.startup.VersionLoggerListener.log JVM Vendor:            Oracle Corporation
04-Apr-2020 15:54:28.882 INFO [main] org.apache.catalina.startup.VersionLoggerListener.log CATALINA_BASE:         C:\Users\Low Louis Joshua\Documents\GitHub\is442-g1t10-is442\src\web\tomcat
04-Apr-2020 15:54:28.883 INFO [main] org.apache.catalina.startup.VersionLoggerListener.log CATALINA_HOME:         C:\Users\Low Louis Joshua\Documents\GitHub\is442-g1t10-is442\src\web\tomcat
04-Apr-2020 15:54:28.900 INFO [main] org.apache.catalina.startup.VersionLoggerListener.log Command line argument: --add-opens=java.base/java.lang=ALL-UNNAMED
04-Apr-2020 15:54:28.900 INFO [main] org.apache.catalina.startup.VersionLoggerListener.log Command line argument: --add-opens=java.base/java.io=ALL-UNNAMED
04-Apr-2020 15:54:28.901 INFO [main] org.apache.catalina.startup.VersionLoggerListener.log Command line argument: --add-opens=java.rmi/sun.rmi.transport=ALL-UNNAMED
04-Apr-2020 15:54:28.901 INFO [main] org.apache.catalina.startup.VersionLoggerListener.log Command line argument: -Djava.util.logging.config.file=C:\Users\Low Louis Joshua\Documents\GitHub\is442-g1t10-is442\src\web\tomcat\conf\logging.properties
04-Apr-2020 15:54:28.904 INFO [main] org.apache.catalina.startup.VersionLoggerListener.log Command line argument: -Djava.util.logging.manager=org.apache.juli.ClassLoaderLogManager
04-Apr-2020 15:54:28.907 INFO [main] org.apache.catalina.startup.VersionLoggerListener.log Command line argument: -Djdk.tls.ephemeralDHKeySize=2048
04-Apr-2020 15:54:28.908 INFO [main] org.apache.catalina.startup.VersionLoggerListener.log Command line argument: -Djava.protocol.handler.pkgs=org.apache.catalina.webresources
04-Apr-2020 15:54:28.912 INFO [main] org.apache.catalina.startup.VersionLoggerListener.log Command line argument: -Dignore.endorsed.dirs=
04-Apr-2020 15:54:28.912 INFO [main] org.apache.catalina.startup.VersionLoggerListener.log Command line argument: -Dcatalina.base=C:\Users\Low Louis Joshua\Documents\GitHub\is442-g1t10-is442\src\web\tomcat
04-Apr-2020 15:54:28.914 INFO [main] org.apache.catalina.startup.VersionLoggerListener.log Command line argument: -Dcatalina.home=C:\Users\Low Louis Joshua\Documents\GitHub\is442-g1t10-is442\src\web\tomcat
04-Apr-2020 15:54:28.917 INFO [main] org.apache.catalina.startup.VersionLoggerListener.log Command line argument: -Djava.io.tmpdir=C:\Users\Low Louis Joshua\Documents\GitHub\is442-g1t10-is442\src\web\tomcat\temp
04-Apr-2020 15:54:28.918 INFO [main] org.apache.catalina.core.AprLifecycleListener.lifecycleEvent The APR based Apache Tomcat Native library which allows optimal performance in production environments was not found on the java.library.path: [C:\Program Files\Java\jdk-13.0.2\bin;C:\Windows\Sun\Java\bin;C:\Windows\system32;C:\Windows;C:\Program Files (x86)\Intel\iCLS Client\;C:\Program Files\Intel\iCLS Client\;C:\Windows\system32;C:\Windows;C:\Windows\System32\Wbem;C:\Windows\System32\WindowsPowerShell\v1.0\;C:\Windows\System32\OpenSSH\;C:\Program Files\dotnet\;C:\Program Files\Microsoft SQL Server\130\Tools\Binn\;C:\Program Files\PuTTY\;C:\Windows\system32\config\systemprofile\.dnx\bin;C:\Program Files\Microsoft DNX\Dnvm\;C:\Program Files\Docker\Docker\resources\bin;C:\ProgramData\DockerDesktop\version-bin;C:\Program Files\Java\jdk-13.0.2\bin;C:\Users\Low Louis Joshua\AppData\Local\Programs\Python\Python38\Scripts\;C:\Users\Low Louis Joshua\AppData\Local\Programs\Python\Python38\;C:\Users\Low Louis Joshua\AppData\Local\Microsoft\WindowsApps;C:\Users\Low Louis Joshua\AppData\Local\Programs\Microsoft VS Code\bin;C:\Users\Low Louis Joshua\AppData\Local\GitHubDesktop\bin;;.]
04-Apr-2020 15:54:29.443 INFO [main] org.apache.coyote.AbstractProtocol.init Initializing ProtocolHandler ["http-nio-80"]
04-Apr-2020 15:54:29.944 INFO [main] org.apache.catalina.startup.Catalina.load Server initialization in [1,651] milliseconds
04-Apr-2020 15:54:30.004 INFO [main] org.apache.catalina.core.StandardService.startInternal Starting service [Catalina]
04-Apr-2020 15:54:30.006 INFO [main] org.apache.catalina.core.StandardEngine.startInternal Starting Servlet engine: [Apache Tomcat/9.0.33]
04-Apr-2020 15:54:30.023 INFO [main] org.apache.catalina.startup.HostConfig.deployDirectory Deploying web application directory [C:\Users\Low Louis Joshua\Documents\GitHub\is442-g1t10-is442\src\web\tomcat\webapps\docs]
04-Apr-2020 15:54:31.946 INFO [main] org.apache.jasper.servlet.TldScanner.scanJars At least one JAR was scanned for TLDs yet contained no TLDs. Enable debug logging for this logger for a complete list of JARs that were scanned but no TLDs were found in them. Skipping unneeded JARs during scanning can improve startup time and JSP compilation time.
04-Apr-2020 15:54:32.412 WARNING [main] org.apache.catalina.util.SessionIdGeneratorBase.createSecureRandom Creation of SecureRandom instance for session ID generation using [SHA1PRNG] took [430] milliseconds.
04-Apr-2020 15:54:32.454 INFO [main] org.apache.catalina.startup.HostConfig.deployDirectory Deployment of web application directory [C:\Users\Low Louis Joshua\Documents\GitHub\is442-g1t10-is442\src\web\tomcat\webapps\docs] has finished in [2,430] ms
04-Apr-2020 15:54:32.456 INFO [main] org.apache.catalina.startup.HostConfig.deployDirectory Deploying web application directory [C:\Users\Low Louis Joshua\Documents\GitHub\is442-g1t10-is442\src\web\tomcat\webapps\examples]
04-Apr-2020 15:54:35.434 INFO [main] org.apache.jasper.servlet.TldScanner.scanJars At least one JAR was scanned for TLDs yet contained no TLDs. Enable debug logging for this logger for a complete list of JARs that were scanned but no TLDs were found in them. Skipping unneeded JARs during scanning can improve startup time and JSP compilation time.
04-Apr-2020 15:54:35.600 INFO [main] org.apache.catalina.startup.HostConfig.deployDirectory Deployment of web application directory [C:\Users\Low Louis Joshua\Documents\GitHub\is442-g1t10-is442\src\web\tomcat\webapps\examples] has finished in [3,145] ms
04-Apr-2020 15:54:35.603 INFO [main] org.apache.catalina.startup.HostConfig.deployDirectory Deploying web application directory [C:\Users\Low Louis Joshua\Documents\GitHub\is442-g1t10-is442\src\web\tomcat\webapps\host-manager]
04-Apr-2020 15:54:36.847 INFO [main] org.apache.jasper.servlet.TldScanner.scanJars At least one JAR was scanned for TLDs yet contained no TLDs. Enable debug logging for this logger for a complete list of JARs that were scanned but no TLDs were found in them. Skipping unneeded JARs during scanning can improve startup time and JSP compilation time.
04-Apr-2020 15:54:36.871 INFO [main] org.apache.catalina.startup.HostConfig.deployDirectory Deployment of web application directory [C:\Users\Low Louis Joshua\Documents\GitHub\is442-g1t10-is442\src\web\tomcat\webapps\host-manager] has finished in [1,267] ms
04-Apr-2020 15:54:36.873 INFO [main] org.apache.catalina.startup.HostConfig.deployDirectory Deploying web application directory [C:\Users\Low Louis Joshua\Documents\GitHub\is442-g1t10-is442\src\web\tomcat\webapps\manager]
04-Apr-2020 15:54:38.410 INFO [main] org.apache.jasper.servlet.TldScanner.scanJars At least one JAR was scanned for TLDs yet contained no TLDs. Enable debug logging for this logger for a complete list of JARs that were scanned but no TLDs were found in them. Skipping unneeded JARs during scanning can improve startup time and JSP compilation time.
04-Apr-2020 15:54:38.432 INFO [main] org.apache.catalina.startup.HostConfig.deployDirectory Deployment of web application directory [C:\Users\Low Louis Joshua\Documents\GitHub\is442-g1t10-is442\src\web\tomcat\webapps\manager] has finished in [1,559] ms
04-Apr-2020 15:54:38.439 INFO [main] org.apache.catalina.startup.HostConfig.deployDirectory Deploying web application directory [C:\Users\Low Louis Joshua\Documents\GitHub\is442-g1t10-is442\src\web\tomcat\webapps\ROOT]
04-Apr-2020 15:54:39.843 INFO [main] org.apache.jasper.servlet.TldScanner.scanJars At least one JAR was scanned for TLDs yet contained no TLDs. Enable debug logging for this logger for a complete list of JARs that were scanned but no TLDs were found in them. Skipping unneeded JARs during scanning can improve startup time and JSP compilation time.
04-Apr-2020 15:54:39.855 INFO [main] org.apache.catalina.startup.HostConfig.deployDirectory Deployment of web application directory [C:\Users\Low Louis Joshua\Documents\GitHub\is442-g1t10-is442\src\web\tomcat\webapps\ROOT] has finished in [1,417] ms
04-Apr-2020 15:54:39.856 INFO [main] org.apache.catalina.startup.HostConfig.deployDirectory Deploying web application directory [C:\Users\Low Louis Joshua\Documents\GitHub\is442-g1t10-is442\src\web\tomcat\webapps\socialmagnet]
04-Apr-2020 15:54:40.899 INFO [main] org.apache.jasper.servlet.TldScanner.scanJars At least one JAR was scanned for TLDs yet contained no TLDs. Enable debug logging for this logger for a complete list of JARs that were scanned but no TLDs were found in them. Skipping unneeded JARs during scanning can improve startup time and JSP compilation time.
04-Apr-2020 15:54:40.914 INFO [main] org.apache.catalina.startup.HostConfig.deployDirectory Deployment of web application directory [C:\Users\Low Louis Joshua\Documents\GitHub\is442-g1t10-is442\src\web\tomcat\webapps\socialmagnet] has finished in [1,058] ms
04-Apr-2020 15:54:40.919 INFO [main] org.apache.coyote.AbstractProtocol.start Starting ProtocolHandler ["http-nio-80"]
04-Apr-2020 15:54:40.933 INFO [main] org.apache.catalina.startup.Catalina.start Server startup in [10,989] milliseconds
04-Apr-2020 16:15:40.591 INFO [Catalina-utility-1] org.apache.catalina.core.StandardContext.reload Reloading Context with name [/socialmagnet] has started
04-Apr-2020 16:15:42.490 INFO [Catalina-utility-1] org.apache.jasper.servlet.TldScanner.scanJars At least one JAR was scanned for TLDs yet contained no TLDs. Enable debug logging for this logger for a complete list of JARs that were scanned but no TLDs were found in them. Skipping unneeded JARs during scanning can improve startup time and JSP compilation time.
04-Apr-2020 16:15:42.504 INFO [Catalina-utility-1] org.apache.catalina.core.StandardContext.reload Reloading Context with name [/socialmagnet] is completed
04-Apr-2020 16:31:38.669 INFO [Thread-3] org.apache.coyote.AbstractProtocol.pause Pausing ProtocolHandler ["http-nio-80"]
04-Apr-2020 16:31:38.804 INFO [Thread-3] org.apache.catalina.core.StandardService.stopInternal Stopping service [Catalina]
04-Apr-2020 16:31:38.879 INFO [Thread-3] org.apache.coyote.AbstractProtocol.stop Stopping ProtocolHandler ["http-nio-80"]
04-Apr-2020 16:31:38.896 INFO [Thread-3] org.apache.coyote.AbstractProtocol.destroy Destroying ProtocolHandler ["http-nio-80"]
04-Apr-2020 16:32:03.200 INFO [main] org.apache.catalina.startup.VersionLoggerListener.log Server version name:   Apache Tomcat/9.0.33
04-Apr-2020 16:32:03.206 INFO [main] org.apache.catalina.startup.VersionLoggerListener.log Server built:          Mar 11 2020 09:31:38 UTC
04-Apr-2020 16:32:03.206 INFO [main] org.apache.catalina.startup.VersionLoggerListener.log Server version number: 9.0.33.0
04-Apr-2020 16:32:03.206 INFO [main] org.apache.catalina.startup.VersionLoggerListener.log OS Name:               Windows 10
04-Apr-2020 16:32:03.206 INFO [main] org.apache.catalina.startup.VersionLoggerListener.log OS Version:            10.0
04-Apr-2020 16:32:03.207 INFO [main] org.apache.catalina.startup.VersionLoggerListener.log Architecture:          amd64
04-Apr-2020 16:32:03.207 INFO [main] org.apache.catalina.startup.VersionLoggerListener.log Java Home:             C:\Program Files\Java\jdk-13.0.2
04-Apr-2020 16:32:03.207 INFO [main] org.apache.catalina.startup.VersionLoggerListener.log JVM Version:           13.0.2+8
04-Apr-2020 16:32:03.207 INFO [main] org.apache.catalina.startup.VersionLoggerListener.log JVM Vendor:            Oracle Corporation
04-Apr-2020 16:32:03.208 INFO [main] org.apache.catalina.startup.VersionLoggerListener.log CATALINA_BASE:         C:\Users\Low Louis Joshua\Documents\GitHub\is442-g1t10-is442\src\web\tomcat
04-Apr-2020 16:32:03.208 INFO [main] org.apache.catalina.startup.VersionLoggerListener.log CATALINA_HOME:         C:\Users\Low Louis Joshua\Documents\GitHub\is442-g1t10-is442\src\web\tomcat
04-Apr-2020 16:32:03.260 INFO [main] org.apache.catalina.startup.VersionLoggerListener.log Command line argument: --add-opens=java.base/java.lang=ALL-UNNAMED
04-Apr-2020 16:32:03.261 INFO [main] org.apache.catalina.startup.VersionLoggerListener.log Command line argument: --add-opens=java.base/java.io=ALL-UNNAMED
04-Apr-2020 16:32:03.261 INFO [main] org.apache.catalina.startup.VersionLoggerListener.log Command line argument: --add-opens=java.rmi/sun.rmi.transport=ALL-UNNAMED
04-Apr-2020 16:32:03.261 INFO [main] org.apache.catalina.startup.VersionLoggerListener.log Command line argument: -Djava.util.logging.config.file=C:\Users\Low Louis Joshua\Documents\GitHub\is442-g1t10-is442\src\web\tomcat\conf\logging.properties
04-Apr-2020 16:32:03.262 INFO [main] org.apache.catalina.startup.VersionLoggerListener.log Command line argument: -Djava.util.logging.manager=org.apache.juli.ClassLoaderLogManager
04-Apr-2020 16:32:03.263 INFO [main] org.apache.catalina.startup.VersionLoggerListener.log Command line argument: -Djdk.tls.ephemeralDHKeySize=2048
04-Apr-2020 16:32:03.263 INFO [main] org.apache.catalina.startup.VersionLoggerListener.log Command line argument: -Djava.protocol.handler.pkgs=org.apache.catalina.webresources
04-Apr-2020 16:32:03.264 INFO [main] org.apache.catalina.startup.VersionLoggerListener.log Command line argument: -Dignore.endorsed.dirs=
04-Apr-2020 16:32:03.265 INFO [main] org.apache.catalina.startup.VersionLoggerListener.log Command line argument: -Dcatalina.base=C:\Users\Low Louis Joshua\Documents\GitHub\is442-g1t10-is442\src\web\tomcat
04-Apr-2020 16:32:03.265 INFO [main] org.apache.catalina.startup.VersionLoggerListener.log Command line argument: -Dcatalina.home=C:\Users\Low Louis Joshua\Documents\GitHub\is442-g1t10-is442\src\web\tomcat
04-Apr-2020 16:32:03.266 INFO [main] org.apache.catalina.startup.VersionLoggerListener.log Command line argument: -Djava.io.tmpdir=C:\Users\Low Louis Joshua\Documents\GitHub\is442-g1t10-is442\src\web\tomcat\temp
04-Apr-2020 16:32:03.267 INFO [main] org.apache.catalina.core.AprLifecycleListener.lifecycleEvent The APR based Apache Tomcat Native library which allows optimal performance in production environments was not found on the java.library.path: [C:\Program Files\Java\jdk-13.0.2\bin;C:\Windows\Sun\Java\bin;C:\Windows\system32;C:\Windows;C:\Program Files (x86)\Intel\iCLS Client\;C:\Program Files\Intel\iCLS Client\;C:\Windows\system32;C:\Windows;C:\Windows\System32\Wbem;C:\Windows\System32\WindowsPowerShell\v1.0\;C:\Windows\System32\OpenSSH\;C:\Program Files\dotnet\;C:\Program Files\Microsoft SQL Server\130\Tools\Binn\;C:\Program Files\PuTTY\;C:\Windows\system32\config\systemprofile\.dnx\bin;C:\Program Files\Microsoft DNX\Dnvm\;C:\Program Files\Docker\Docker\resources\bin;C:\ProgramData\DockerDesktop\version-bin;C:\Program Files\Java\jdk-13.0.2\bin;C:\Users\Low Louis Joshua\AppData\Local\Programs\Python\Python38\Scripts\;C:\Users\Low Louis Joshua\AppData\Local\Programs\Python\Python38\;C:\Users\Low Louis Joshua\AppData\Local\Microsoft\WindowsApps;C:\Users\Low Louis Joshua\AppData\Local\Programs\Microsoft VS Code\bin;C:\Users\Low Louis Joshua\AppData\Local\GitHubDesktop\bin;;.]
04-Apr-2020 16:32:03.674 INFO [main] org.apache.coyote.AbstractProtocol.init Initializing ProtocolHandler ["http-nio-8080"]
04-Apr-2020 16:32:03.928 INFO [main] org.apache.catalina.startup.Catalina.load Server initialization in [984] milliseconds
04-Apr-2020 16:32:03.982 INFO [main] org.apache.catalina.core.StandardService.startInternal Starting service [Catalina]
04-Apr-2020 16:32:03.983 INFO [main] org.apache.catalina.core.StandardEngine.startInternal Starting Servlet engine: [Apache Tomcat/9.0.33]
04-Apr-2020 16:32:04.007 INFO [main] org.apache.catalina.startup.HostConfig.deployDirectory Deploying web application directory [C:\Users\Low Louis Joshua\Documents\GitHub\is442-g1t10-is442\src\web\tomcat\webapps\docs]
04-Apr-2020 16:32:05.331 INFO [main] org.apache.jasper.servlet.TldScanner.scanJars At least one JAR was scanned for TLDs yet contained no TLDs. Enable debug logging for this logger for a complete list of JARs that were scanned but no TLDs were found in them. Skipping unneeded JARs during scanning can improve startup time and JSP compilation time.
04-Apr-2020 16:32:05.472 INFO [main] org.apache.catalina.startup.HostConfig.deployDirectory Deployment of web application directory [C:\Users\Low Louis Joshua\Documents\GitHub\is442-g1t10-is442\src\web\tomcat\webapps\docs] has finished in [1,465] ms
04-Apr-2020 16:32:05.472 INFO [main] org.apache.catalina.startup.HostConfig.deployDirectory Deploying web application directory [C:\Users\Low Louis Joshua\Documents\GitHub\is442-g1t10-is442\src\web\tomcat\webapps\examples]
04-Apr-2020 16:32:07.261 INFO [main] org.apache.jasper.servlet.TldScanner.scanJars At least one JAR was scanned for TLDs yet contained no TLDs. Enable debug logging for this logger for a complete list of JARs that were scanned but no TLDs were found in them. Skipping unneeded JARs during scanning can improve startup time and JSP compilation time.
04-Apr-2020 16:32:07.406 INFO [main] org.apache.catalina.startup.HostConfig.deployDirectory Deployment of web application directory [C:\Users\Low Louis Joshua\Documents\GitHub\is442-g1t10-is442\src\web\tomcat\webapps\examples] has finished in [1,933] ms
04-Apr-2020 16:32:07.411 INFO [main] org.apache.catalina.startup.HostConfig.deployDirectory Deploying web application directory [C:\Users\Low Louis Joshua\Documents\GitHub\is442-g1t10-is442\src\web\tomcat\webapps\host-manager]
04-Apr-2020 16:32:08.410 INFO [main] org.apache.jasper.servlet.TldScanner.scanJars At least one JAR was scanned for TLDs yet contained no TLDs. Enable debug logging for this logger for a complete list of JARs that were scanned but no TLDs were found in them. Skipping unneeded JARs during scanning can improve startup time and JSP compilation time.
04-Apr-2020 16:32:08.427 INFO [main] org.apache.catalina.startup.HostConfig.deployDirectory Deployment of web application directory [C:\Users\Low Louis Joshua\Documents\GitHub\is442-g1t10-is442\src\web\tomcat\webapps\host-manager] has finished in [1,016] ms
04-Apr-2020 16:32:08.432 INFO [main] org.apache.catalina.startup.HostConfig.deployDirectory Deploying web application directory [C:\Users\Low Louis Joshua\Documents\GitHub\is442-g1t10-is442\src\web\tomcat\webapps\manager]
04-Apr-2020 16:32:09.269 INFO [main] org.apache.jasper.servlet.TldScanner.scanJars At least one JAR was scanned for TLDs yet contained no TLDs. Enable debug logging for this logger for a complete list of JARs that were scanned but no TLDs were found in them. Skipping unneeded JARs during scanning can improve startup time and JSP compilation time.
04-Apr-2020 16:32:09.282 INFO [main] org.apache.catalina.startup.HostConfig.deployDirectory Deployment of web application directory [C:\Users\Low Louis Joshua\Documents\GitHub\is442-g1t10-is442\src\web\tomcat\webapps\manager] has finished in [849] ms
04-Apr-2020 16:32:09.283 INFO [main] org.apache.catalina.startup.HostConfig.deployDirectory Deploying web application directory [C:\Users\Low Louis Joshua\Documents\GitHub\is442-g1t10-is442\src\web\tomcat\webapps\ROOT]
04-Apr-2020 16:32:10.256 INFO [main] org.apache.jasper.servlet.TldScanner.scanJars At least one JAR was scanned for TLDs yet contained no TLDs. Enable debug logging for this logger for a complete list of JARs that were scanned but no TLDs were found in them. Skipping unneeded JARs during scanning can improve startup time and JSP compilation time.
04-Apr-2020 16:32:10.266 INFO [main] org.apache.catalina.startup.HostConfig.deployDirectory Deployment of web application directory [C:\Users\Low Louis Joshua\Documents\GitHub\is442-g1t10-is442\src\web\tomcat\webapps\ROOT] has finished in [984] ms
04-Apr-2020 16:32:10.267 INFO [main] org.apache.catalina.startup.HostConfig.deployDirectory Deploying web application directory [C:\Users\Low Louis Joshua\Documents\GitHub\is442-g1t10-is442\src\web\tomcat\webapps\socialmagnet]
04-Apr-2020 16:32:11.099 INFO [main] org.apache.jasper.servlet.TldScanner.scanJars At least one JAR was scanned for TLDs yet contained no TLDs. Enable debug logging for this logger for a complete list of JARs that were scanned but no TLDs were found in them. Skipping unneeded JARs during scanning can improve startup time and JSP compilation time.
04-Apr-2020 16:32:11.109 INFO [main] org.apache.catalina.startup.HostConfig.deployDirectory Deployment of web application directory [C:\Users\Low Louis Joshua\Documents\GitHub\is442-g1t10-is442\src\web\tomcat\webapps\socialmagnet] has finished in [842] ms
04-Apr-2020 16:32:11.114 INFO [main] org.apache.coyote.AbstractProtocol.start Starting ProtocolHandler ["http-nio-8080"]
04-Apr-2020 16:32:11.126 INFO [main] org.apache.catalina.startup.Catalina.start Server startup in [7,196] milliseconds
04-Apr-2020 16:48:24.182 INFO [Catalina-utility-2] org.apache.catalina.core.StandardContext.reload Reloading Context with name [/socialmagnet] has started
04-Apr-2020 16:48:25.843 INFO [Catalina-utility-2] org.apache.jasper.servlet.TldScanner.scanJars At least one JAR was scanned for TLDs yet contained no TLDs. Enable debug logging for this logger for a complete list of JARs that were scanned but no TLDs were found in them. Skipping unneeded JARs during scanning can improve startup time and JSP compilation time.
04-Apr-2020 16:48:25.856 INFO [Catalina-utility-2] org.apache.catalina.core.StandardContext.reload Reloading Context with name [/socialmagnet] is completed
04-Apr-2020 16:53:58.648 INFO [Catalina-utility-2] org.apache.catalina.core.StandardContext.reload Reloading Context with name [/socialmagnet] has started
04-Apr-2020 16:53:59.880 INFO [Catalina-utility-2] org.apache.jasper.servlet.TldScanner.scanJars At least one JAR was scanned for TLDs yet contained no TLDs. Enable debug logging for this logger for a complete list of JARs that were scanned but no TLDs were found in them. Skipping unneeded JARs during scanning can improve startup time and JSP compilation time.
04-Apr-2020 16:53:59.887 INFO [Catalina-utility-2] org.apache.catalina.core.StandardContext.reload Reloading Context with name [/socialmagnet] is completed
04-Apr-2020 16:55:10.511 INFO [Catalina-utility-2] org.apache.catalina.core.StandardContext.reload Reloading Context with name [/socialmagnet] has started
04-Apr-2020 16:55:11.734 INFO [Catalina-utility-2] org.apache.jasper.servlet.TldScanner.scanJars At least one JAR was scanned for TLDs yet contained no TLDs. Enable debug logging for this logger for a complete list of JARs that were scanned but no TLDs were found in them. Skipping unneeded JARs during scanning can improve startup time and JSP compilation time.
04-Apr-2020 16:55:11.739 INFO [Catalina-utility-2] org.apache.catalina.core.StandardContext.reload Reloading Context with name [/socialmagnet] is completed
04-Apr-2020 16:57:32.837 INFO [Catalina-utility-2] org.apache.catalina.core.StandardContext.reload Reloading Context with name [/socialmagnet] has started
04-Apr-2020 16:57:33.774 INFO [Catalina-utility-2] org.apache.jasper.servlet.TldScanner.scanJars At least one JAR was scanned for TLDs yet contained no TLDs. Enable debug logging for this logger for a complete list of JARs that were scanned but no TLDs were found in them. Skipping unneeded JARs during scanning can improve startup time and JSP compilation time.
04-Apr-2020 16:57:33.779 INFO [Catalina-utility-2] org.apache.catalina.core.StandardContext.reload Reloading Context with name [/socialmagnet] is completed
04-Apr-2020 17:00:45.567 INFO [Catalina-utility-2] org.apache.catalina.core.StandardContext.reload Reloading Context with name [/socialmagnet] has started
04-Apr-2020 17:00:47.685 INFO [Catalina-utility-2] org.apache.jasper.servlet.TldScanner.scanJars At least one JAR was scanned for TLDs yet contained no TLDs. Enable debug logging for this logger for a complete list of JARs that were scanned but no TLDs were found in them. Skipping unneeded JARs during scanning can improve startup time and JSP compilation time.
04-Apr-2020 17:00:47.695 INFO [Catalina-utility-2] org.apache.catalina.core.StandardContext.reload Reloading Context with name [/socialmagnet] is completed
04-Apr-2020 17:22:51.691 INFO [Catalina-utility-1] org.apache.catalina.core.StandardContext.reload Reloading Context with name [/socialmagnet] has started
04-Apr-2020 17:22:53.034 INFO [Catalina-utility-1] org.apache.jasper.servlet.TldScanner.scanJars At least one JAR was scanned for TLDs yet contained no TLDs. Enable debug logging for this logger for a complete list of JARs that were scanned but no TLDs were found in them. Skipping unneeded JARs during scanning can improve startup time and JSP compilation time.
04-Apr-2020 17:22:53.043 INFO [Catalina-utility-1] org.apache.catalina.core.StandardContext.reload Reloading Context with name [/socialmagnet] is completed
04-Apr-2020 17:23:13.301 INFO [Catalina-utility-2] org.apache.catalina.core.StandardContext.reload Reloading Context with name [/socialmagnet] has started
04-Apr-2020 17:23:14.219 INFO [Catalina-utility-2] org.apache.jasper.servlet.TldScanner.scanJars At least one JAR was scanned for TLDs yet contained no TLDs. Enable debug logging for this logger for a complete list of JARs that were scanned but no TLDs were found in them. Skipping unneeded JARs during scanning can improve startup time and JSP compilation time.
04-Apr-2020 17:23:14.233 INFO [Catalina-utility-2] org.apache.catalina.core.StandardContext.reload Reloading Context with name [/socialmagnet] is completed
04-Apr-2020 17:24:14.656 INFO [Catalina-utility-1] org.apache.catalina.core.StandardContext.reload Reloading Context with name [/socialmagnet] has started
04-Apr-2020 17:24:15.715 INFO [Catalina-utility-1] org.apache.jasper.servlet.TldScanner.scanJars At least one JAR was scanned for TLDs yet contained no TLDs. Enable debug logging for this logger for a complete list of JARs that were scanned but no TLDs were found in them. Skipping unneeded JARs during scanning can improve startup time and JSP compilation time.
04-Apr-2020 17:24:15.720 INFO [Catalina-utility-1] org.apache.catalina.core.StandardContext.reload Reloading Context with name [/socialmagnet] is completed
04-Apr-2020 17:25:46.536 INFO [Catalina-utility-1] org.apache.catalina.core.StandardContext.reload Reloading Context with name [/socialmagnet] has started
04-Apr-2020 17:25:47.456 INFO [Catalina-utility-1] org.apache.jasper.servlet.TldScanner.scanJars At least one JAR was scanned for TLDs yet contained no TLDs. Enable debug logging for this logger for a complete list of JARs that were scanned but no TLDs were found in them. Skipping unneeded JARs during scanning can improve startup time and JSP compilation time.
04-Apr-2020 17:25:47.463 INFO [Catalina-utility-1] org.apache.catalina.core.StandardContext.reload Reloading Context with name [/socialmagnet] is completed
04-Apr-2020 17:27:18.210 INFO [Catalina-utility-1] org.apache.catalina.core.StandardContext.reload Reloading Context with name [/socialmagnet] has started
04-Apr-2020 17:27:19.082 INFO [Catalina-utility-1] org.apache.jasper.servlet.TldScanner.scanJars At least one JAR was scanned for TLDs yet contained no TLDs. Enable debug logging for this logger for a complete list of JARs that were scanned but no TLDs were found in them. Skipping unneeded JARs during scanning can improve startup time and JSP compilation time.
04-Apr-2020 17:27:19.091 INFO [Catalina-utility-1] org.apache.catalina.core.StandardContext.reload Reloading Context with name [/socialmagnet] is completed
04-Apr-2020 17:30:00.276 INFO [Catalina-utility-1] org.apache.catalina.core.StandardContext.reload Reloading Context with name [/socialmagnet] has started
04-Apr-2020 17:30:01.228 INFO [Catalina-utility-1] org.apache.jasper.servlet.TldScanner.scanJars At least one JAR was scanned for TLDs yet contained no TLDs. Enable debug logging for this logger for a complete list of JARs that were scanned but no TLDs were found in them. Skipping unneeded JARs during scanning can improve startup time and JSP compilation time.
04-Apr-2020 17:30:01.238 INFO [Catalina-utility-1] org.apache.catalina.core.StandardContext.reload Reloading Context with name [/socialmagnet] is completed
04-Apr-2020 17:30:51.583 INFO [Catalina-utility-1] org.apache.catalina.core.StandardContext.reload Reloading Context with name [/socialmagnet] has started
04-Apr-2020 17:30:52.716 INFO [Catalina-utility-1] org.apache.jasper.servlet.TldScanner.scanJars At least one JAR was scanned for TLDs yet contained no TLDs. Enable debug logging for this logger for a complete list of JARs that were scanned but no TLDs were found in them. Skipping unneeded JARs during scanning can improve startup time and JSP compilation time.
04-Apr-2020 17:30:52.722 INFO [Catalina-utility-1] org.apache.catalina.core.StandardContext.reload Reloading Context with name [/socialmagnet] is completed
04-Apr-2020 17:32:33.524 INFO [Catalina-utility-2] org.apache.catalina.core.StandardContext.reload Reloading Context with name [/socialmagnet] has started
04-Apr-2020 17:32:34.499 INFO [Catalina-utility-2] org.apache.jasper.servlet.TldScanner.scanJars At least one JAR was scanned for TLDs yet contained no TLDs. Enable debug logging for this logger for a complete list of JARs that were scanned but no TLDs were found in them. Skipping unneeded JARs during scanning can improve startup time and JSP compilation time.
04-Apr-2020 17:32:34.504 INFO [Catalina-utility-2] org.apache.catalina.core.StandardContext.reload Reloading Context with name [/socialmagnet] is completed
04-Apr-2020 17:33:14.790 INFO [Catalina-utility-1] org.apache.catalina.core.StandardContext.reload Reloading Context with name [/socialmagnet] has started
04-Apr-2020 17:33:15.777 INFO [Catalina-utility-1] org.apache.jasper.servlet.TldScanner.scanJars At least one JAR was scanned for TLDs yet contained no TLDs. Enable debug logging for this logger for a complete list of JARs that were scanned but no TLDs were found in them. Skipping unneeded JARs during scanning can improve startup time and JSP compilation time.
04-Apr-2020 17:33:15.786 INFO [Catalina-utility-1] org.apache.catalina.core.StandardContext.reload Reloading Context with name [/socialmagnet] is completed
04-Apr-2020 17:34:06.105 INFO [Catalina-utility-2] org.apache.catalina.core.StandardContext.reload Reloading Context with name [/socialmagnet] has started
04-Apr-2020 17:34:07.379 INFO [Catalina-utility-2] org.apache.jasper.servlet.TldScanner.scanJars At least one JAR was scanned for TLDs yet contained no TLDs. Enable debug logging for this logger for a complete list of JARs that were scanned but no TLDs were found in them. Skipping unneeded JARs during scanning can improve startup time and JSP compilation time.
04-Apr-2020 17:34:07.386 INFO [Catalina-utility-2] org.apache.catalina.core.StandardContext.reload Reloading Context with name [/socialmagnet] is completed
04-Apr-2020 17:34:37.563 INFO [Catalina-utility-2] org.apache.catalina.core.StandardContext.reload Reloading Context with name [/socialmagnet] has started
04-Apr-2020 17:34:38.657 INFO [Catalina-utility-2] org.apache.jasper.servlet.TldScanner.scanJars At least one JAR was scanned for TLDs yet contained no TLDs. Enable debug logging for this logger for a complete list of JARs that were scanned but no TLDs were found in them. Skipping unneeded JARs during scanning can improve startup time and JSP compilation time.
04-Apr-2020 17:34:38.665 INFO [Catalina-utility-2] org.apache.catalina.core.StandardContext.reload Reloading Context with name [/socialmagnet] is completed
04-Apr-2020 17:44:23.309 INFO [Catalina-utility-1] org.apache.catalina.core.StandardContext.reload Reloading Context with name [/socialmagnet] has started
04-Apr-2020 18:12:36.122 SEVERE [main] org.apache.catalina.startup.Catalina.stopServer Could not contact [localhost:8005] (base port [8005] and offset [0]). Tomcat may not be running.
04-Apr-2020 18:12:36.135 SEVERE [main] org.apache.catalina.startup.Catalina.stopServer Error stopping Catalina
	java.net.ConnectException: Connection refused: connect
		at java.base/sun.nio.ch.Net.connect0(Native Method)
		at java.base/sun.nio.ch.Net.connect(Net.java:493)
		at java.base/sun.nio.ch.Net.connect(Net.java:482)
		at java.base/sun.nio.ch.NioSocketImpl.connect(NioSocketImpl.java:588)
		at java.base/java.net.SocksSocketImpl.connect(SocksSocketImpl.java:339)
		at java.base/java.net.Socket.connect(Socket.java:603)
		at java.base/java.net.Socket.connect(Socket.java:552)
		at java.base/java.net.Socket.<init>(Socket.java:475)
		at java.base/java.net.Socket.<init>(Socket.java:249)
		at org.apache.catalina.startup.Catalina.stopServer(Catalina.java:513)
		at java.base/jdk.internal.reflect.NativeMethodAccessorImpl.invoke0(Native Method)
		at java.base/jdk.internal.reflect.NativeMethodAccessorImpl.invoke(NativeMethodAccessorImpl.java:62)
		at java.base/jdk.internal.reflect.DelegatingMethodAccessorImpl.invoke(DelegatingMethodAccessorImpl.java:43)
		at java.base/java.lang.reflect.Method.invoke(Method.java:567)
		at org.apache.catalina.startup.Bootstrap.stopServer(Bootstrap.java:389)
		at org.apache.catalina.startup.Bootstrap.main(Bootstrap.java:479)
04-Apr-2020 18:12:42.360 INFO [main] org.apache.catalina.startup.VersionLoggerListener.log Server version name:   Apache Tomcat/9.0.33
04-Apr-2020 18:12:42.365 INFO [main] org.apache.catalina.startup.VersionLoggerListener.log Server built:          Mar 11 2020 09:31:38 UTC
04-Apr-2020 18:12:42.366 INFO [main] org.apache.catalina.startup.VersionLoggerListener.log Server version number: 9.0.33.0
04-Apr-2020 18:12:42.366 INFO [main] org.apache.catalina.startup.VersionLoggerListener.log OS Name:               Windows 10
04-Apr-2020 18:12:42.367 INFO [main] org.apache.catalina.startup.VersionLoggerListener.log OS Version:            10.0
04-Apr-2020 18:12:42.367 INFO [main] org.apache.catalina.startup.VersionLoggerListener.log Architecture:          amd64
04-Apr-2020 18:12:42.367 INFO [main] org.apache.catalina.startup.VersionLoggerListener.log Java Home:             C:\Program Files\Java\jdk-13.0.2
04-Apr-2020 18:12:42.367 INFO [main] org.apache.catalina.startup.VersionLoggerListener.log JVM Version:           13.0.2+8
04-Apr-2020 18:12:42.367 INFO [main] org.apache.catalina.startup.VersionLoggerListener.log JVM Vendor:            Oracle Corporation
04-Apr-2020 18:12:42.368 INFO [main] org.apache.catalina.startup.VersionLoggerListener.log CATALINA_BASE:         C:\Users\Low Louis Joshua\Documents\GitHub\is442-g1t10-is442\src\web\tomcat
04-Apr-2020 18:12:42.368 INFO [main] org.apache.catalina.startup.VersionLoggerListener.log CATALINA_HOME:         C:\Users\Low Louis Joshua\Documents\GitHub\is442-g1t10-is442\src\web\tomcat
04-Apr-2020 18:12:42.393 INFO [main] org.apache.catalina.startup.VersionLoggerListener.log Command line argument: --add-opens=java.base/java.lang=ALL-UNNAMED
04-Apr-2020 18:12:42.394 INFO [main] org.apache.catalina.startup.VersionLoggerListener.log Command line argument: --add-opens=java.base/java.io=ALL-UNNAMED
04-Apr-2020 18:12:42.395 INFO [main] org.apache.catalina.startup.VersionLoggerListener.log Command line argument: --add-opens=java.rmi/sun.rmi.transport=ALL-UNNAMED
04-Apr-2020 18:12:42.396 INFO [main] org.apache.catalina.startup.VersionLoggerListener.log Command line argument: -Djava.util.logging.config.file=C:\Users\Low Louis Joshua\Documents\GitHub\is442-g1t10-is442\src\web\tomcat\conf\logging.properties
04-Apr-2020 18:12:42.397 INFO [main] org.apache.catalina.startup.VersionLoggerListener.log Command line argument: -Djava.util.logging.manager=org.apache.juli.ClassLoaderLogManager
04-Apr-2020 18:12:42.397 INFO [main] org.apache.catalina.startup.VersionLoggerListener.log Command line argument: -Djdk.tls.ephemeralDHKeySize=2048
04-Apr-2020 18:12:42.399 INFO [main] org.apache.catalina.startup.VersionLoggerListener.log Command line argument: -Djava.protocol.handler.pkgs=org.apache.catalina.webresources
04-Apr-2020 18:12:42.400 INFO [main] org.apache.catalina.startup.VersionLoggerListener.log Command line argument: -Dignore.endorsed.dirs=
04-Apr-2020 18:12:42.401 INFO [main] org.apache.catalina.startup.VersionLoggerListener.log Command line argument: -Dcatalina.base=C:\Users\Low Louis Joshua\Documents\GitHub\is442-g1t10-is442\src\web\tomcat
04-Apr-2020 18:12:42.401 INFO [main] org.apache.catalina.startup.VersionLoggerListener.log Command line argument: -Dcatalina.home=C:\Users\Low Louis Joshua\Documents\GitHub\is442-g1t10-is442\src\web\tomcat
04-Apr-2020 18:12:42.402 INFO [main] org.apache.catalina.startup.VersionLoggerListener.log Command line argument: -Djava.io.tmpdir=C:\Users\Low Louis Joshua\Documents\GitHub\is442-g1t10-is442\src\web\tomcat\temp
04-Apr-2020 18:12:42.403 INFO [main] org.apache.catalina.core.AprLifecycleListener.lifecycleEvent The APR based Apache Tomcat Native library which allows optimal performance in production environments was not found on the java.library.path: [C:\Program Files\Java\jdk-13.0.2\bin;C:\Windows\Sun\Java\bin;C:\Windows\system32;C:\Windows;C:\Program Files (x86)\Intel\iCLS Client\;C:\Program Files\Intel\iCLS Client\;C:\Windows\system32;C:\Windows;C:\Windows\System32\Wbem;C:\Windows\System32\WindowsPowerShell\v1.0\;C:\Windows\System32\OpenSSH\;C:\Program Files\dotnet\;C:\Program Files\Microsoft SQL Server\130\Tools\Binn\;C:\Program Files\PuTTY\;C:\Windows\system32\config\systemprofile\.dnx\bin;C:\Program Files\Microsoft DNX\Dnvm\;C:\Program Files\Docker\Docker\resources\bin;C:\ProgramData\DockerDesktop\version-bin;C:\Program Files\Java\jdk-13.0.2\bin;C:\Users\Low Louis Joshua\AppData\Local\Programs\Python\Python38\Scripts\;C:\Users\Low Louis Joshua\AppData\Local\Programs\Python\Python38\;C:\Users\Low Louis Joshua\AppData\Local\Microsoft\WindowsApps;C:\Users\Low Louis Joshua\AppData\Local\Programs\Microsoft VS Code\bin;C:\Users\Low Louis Joshua\AppData\Local\GitHubDesktop\bin;;.]
04-Apr-2020 18:12:42.915 INFO [main] org.apache.coyote.AbstractProtocol.init Initializing ProtocolHandler ["http-nio-8080"]
04-Apr-2020 18:12:43.201 INFO [main] org.apache.catalina.startup.Catalina.load Server initialization in [1,155] milliseconds
04-Apr-2020 18:12:43.276 INFO [main] org.apache.catalina.core.StandardService.startInternal Starting service [Catalina]
04-Apr-2020 18:12:43.277 INFO [main] org.apache.catalina.core.StandardEngine.startInternal Starting Servlet engine: [Apache Tomcat/9.0.33]
04-Apr-2020 18:12:43.303 INFO [main] org.apache.catalina.startup.HostConfig.deployDirectory Deploying web application directory [C:\Users\Low Louis Joshua\Documents\GitHub\is442-g1t10-is442\src\web\tomcat\webapps\docs]
04-Apr-2020 18:12:44.626 INFO [main] org.apache.jasper.servlet.TldScanner.scanJars At least one JAR was scanned for TLDs yet contained no TLDs. Enable debug logging for this logger for a complete list of JARs that were scanned but no TLDs were found in them. Skipping unneeded JARs during scanning can improve startup time and JSP compilation time.
04-Apr-2020 18:12:44.766 INFO [main] org.apache.catalina.startup.HostConfig.deployDirectory Deployment of web application directory [C:\Users\Low Louis Joshua\Documents\GitHub\is442-g1t10-is442\src\web\tomcat\webapps\docs] has finished in [1,464] ms
04-Apr-2020 18:12:44.767 INFO [main] org.apache.catalina.startup.HostConfig.deployDirectory Deploying web application directory [C:\Users\Low Louis Joshua\Documents\GitHub\is442-g1t10-is442\src\web\tomcat\webapps\examples]
04-Apr-2020 18:12:46.443 INFO [main] org.apache.jasper.servlet.TldScanner.scanJars At least one JAR was scanned for TLDs yet contained no TLDs. Enable debug logging for this logger for a complete list of JARs that were scanned but no TLDs were found in them. Skipping unneeded JARs during scanning can improve startup time and JSP compilation time.
04-Apr-2020 18:12:46.591 INFO [main] org.apache.catalina.startup.HostConfig.deployDirectory Deployment of web application directory [C:\Users\Low Louis Joshua\Documents\GitHub\is442-g1t10-is442\src\web\tomcat\webapps\examples] has finished in [1,824] ms
04-Apr-2020 18:12:46.593 INFO [main] org.apache.catalina.startup.HostConfig.deployDirectory Deploying web application directory [C:\Users\Low Louis Joshua\Documents\GitHub\is442-g1t10-is442\src\web\tomcat\webapps\host-manager]
04-Apr-2020 18:12:47.561 INFO [main] org.apache.jasper.servlet.TldScanner.scanJars At least one JAR was scanned for TLDs yet contained no TLDs. Enable debug logging for this logger for a complete list of JARs that were scanned but no TLDs were found in them. Skipping unneeded JARs during scanning can improve startup time and JSP compilation time.
04-Apr-2020 18:12:47.576 INFO [main] org.apache.catalina.startup.HostConfig.deployDirectory Deployment of web application directory [C:\Users\Low Louis Joshua\Documents\GitHub\is442-g1t10-is442\src\web\tomcat\webapps\host-manager] has finished in [984] ms
04-Apr-2020 18:12:47.577 INFO [main] org.apache.catalina.startup.HostConfig.deployDirectory Deploying web application directory [C:\Users\Low Louis Joshua\Documents\GitHub\is442-g1t10-is442\src\web\tomcat\webapps\manager]
04-Apr-2020 18:12:48.540 INFO [main] org.apache.jasper.servlet.TldScanner.scanJars At least one JAR was scanned for TLDs yet contained no TLDs. Enable debug logging for this logger for a complete list of JARs that were scanned but no TLDs were found in them. Skipping unneeded JARs during scanning can improve startup time and JSP compilation time.
04-Apr-2020 18:12:48.550 INFO [main] org.apache.catalina.startup.HostConfig.deployDirectory Deployment of web application directory [C:\Users\Low Louis Joshua\Documents\GitHub\is442-g1t10-is442\src\web\tomcat\webapps\manager] has finished in [973] ms
04-Apr-2020 18:12:48.551 INFO [main] org.apache.catalina.startup.HostConfig.deployDirectory Deploying web application directory [C:\Users\Low Louis Joshua\Documents\GitHub\is442-g1t10-is442\src\web\tomcat\webapps\ROOT]
04-Apr-2020 18:12:49.473 INFO [main] org.apache.jasper.servlet.TldScanner.scanJars At least one JAR was scanned for TLDs yet contained no TLDs. Enable debug logging for this logger for a complete list of JARs that were scanned but no TLDs were found in them. Skipping unneeded JARs during scanning can improve startup time and JSP compilation time.
04-Apr-2020 18:12:49.479 INFO [main] org.apache.catalina.startup.HostConfig.deployDirectory Deployment of web application directory [C:\Users\Low Louis Joshua\Documents\GitHub\is442-g1t10-is442\src\web\tomcat\webapps\ROOT] has finished in [928] ms
04-Apr-2020 18:12:49.479 INFO [main] org.apache.catalina.startup.HostConfig.deployDirectory Deploying web application directory [C:\Users\Low Louis Joshua\Documents\GitHub\is442-g1t10-is442\src\web\tomcat\webapps\socialmagnet]
04-Apr-2020 18:12:50.607 INFO [main] org.apache.jasper.servlet.TldScanner.scanJars At least one JAR was scanned for TLDs yet contained no TLDs. Enable debug logging for this logger for a complete list of JARs that were scanned but no TLDs were found in them. Skipping unneeded JARs during scanning can improve startup time and JSP compilation time.
04-Apr-2020 18:12:50.627 INFO [main] org.apache.catalina.startup.HostConfig.deployDirectory Deployment of web application directory [C:\Users\Low Louis Joshua\Documents\GitHub\is442-g1t10-is442\src\web\tomcat\webapps\socialmagnet] has finished in [1,147] ms
04-Apr-2020 18:12:50.635 INFO [main] org.apache.coyote.AbstractProtocol.start Starting ProtocolHandler ["http-nio-8080"]
04-Apr-2020 18:12:50.653 INFO [main] org.apache.catalina.startup.Catalina.start Server startup in [7,451] milliseconds
04-Apr-2020 18:14:41.510 INFO [Catalina-utility-1] org.apache.catalina.core.StandardContext.reload Reloading Context with name [/socialmagnet] has started
04-Apr-2020 18:14:42.477 INFO [Catalina-utility-1] org.apache.jasper.servlet.TldScanner.scanJars At least one JAR was scanned for TLDs yet contained no TLDs. Enable debug logging for this logger for a complete list of JARs that were scanned but no TLDs were found in them. Skipping unneeded JARs during scanning can improve startup time and JSP compilation time.
04-Apr-2020 18:14:42.483 INFO [Catalina-utility-1] org.apache.catalina.core.StandardContext.reload Reloading Context with name [/socialmagnet] is completed
04-Apr-2020 18:16:53.654 INFO [Catalina-utility-1] org.apache.catalina.core.StandardContext.reload Reloading Context with name [/socialmagnet] has started
04-Apr-2020 18:16:54.710 INFO [Catalina-utility-1] org.apache.jasper.servlet.TldScanner.scanJars At least one JAR was scanned for TLDs yet contained no TLDs. Enable debug logging for this logger for a complete list of JARs that were scanned but no TLDs were found in them. Skipping unneeded JARs during scanning can improve startup time and JSP compilation time.
04-Apr-2020 18:16:54.723 INFO [Catalina-utility-1] org.apache.catalina.core.StandardContext.reload Reloading Context with name [/socialmagnet] is completed
04-Apr-2020 18:30:52.745 INFO [Catalina-utility-1] org.apache.catalina.core.StandardContext.reload Reloading Context with name [/socialmagnet] has started
04-Apr-2020 18:30:54.042 INFO [Catalina-utility-1] org.apache.jasper.servlet.TldScanner.scanJars At least one JAR was scanned for TLDs yet contained no TLDs. Enable debug logging for this logger for a complete list of JARs that were scanned but no TLDs were found in them. Skipping unneeded JARs during scanning can improve startup time and JSP compilation time.
04-Apr-2020 18:30:54.052 INFO [Catalina-utility-1] org.apache.catalina.core.StandardContext.reload Reloading Context with name [/socialmagnet] is completed
04-Apr-2020 18:43:32.703 INFO [Catalina-utility-2] org.apache.catalina.core.StandardContext.reload Reloading Context with name [/socialmagnet] has started
04-Apr-2020 18:43:33.948 INFO [Catalina-utility-2] org.apache.jasper.servlet.TldScanner.scanJars At least one JAR was scanned for TLDs yet contained no TLDs. Enable debug logging for this logger for a complete list of JARs that were scanned but no TLDs were found in them. Skipping unneeded JARs during scanning can improve startup time and JSP compilation time.
04-Apr-2020 18:43:33.977 INFO [Catalina-utility-2] org.apache.catalina.core.StandardContext.reload Reloading Context with name [/socialmagnet] is completed
04-Apr-2020 18:50:27.826 INFO [Catalina-utility-2] org.apache.catalina.core.StandardContext.reload Reloading Context with name [/socialmagnet] has started
04-Apr-2020 18:50:29.017 INFO [Catalina-utility-2] org.apache.jasper.servlet.TldScanner.scanJars At least one JAR was scanned for TLDs yet contained no TLDs. Enable debug logging for this logger for a complete list of JARs that were scanned but no TLDs were found in them. Skipping unneeded JARs during scanning can improve startup time and JSP compilation time.
04-Apr-2020 18:50:29.026 INFO [Catalina-utility-2] org.apache.catalina.core.StandardContext.reload Reloading Context with name [/socialmagnet] is completed
04-Apr-2020 18:57:53.112 INFO [Catalina-utility-2] org.apache.catalina.core.StandardContext.reload Reloading Context with name [/socialmagnet] has started
04-Apr-2020 18:57:54.123 INFO [Catalina-utility-2] org.apache.jasper.servlet.TldScanner.scanJars At least one JAR was scanned for TLDs yet contained no TLDs. Enable debug logging for this logger for a complete list of JARs that were scanned but no TLDs were found in them. Skipping unneeded JARs during scanning can improve startup time and JSP compilation time.
04-Apr-2020 18:57:54.133 INFO [Catalina-utility-2] org.apache.catalina.core.StandardContext.reload Reloading Context with name [/socialmagnet] is completed
04-Apr-2020 19:03:07.011 INFO [Catalina-utility-2] org.apache.catalina.core.StandardContext.reload Reloading Context with name [/socialmagnet] has started
04-Apr-2020 19:03:08.967 INFO [Catalina-utility-2] org.apache.jasper.servlet.TldScanner.scanJars At least one JAR was scanned for TLDs yet contained no TLDs. Enable debug logging for this logger for a complete list of JARs that were scanned but no TLDs were found in them. Skipping unneeded JARs during scanning can improve startup time and JSP compilation time.
04-Apr-2020 19:03:08.988 INFO [Catalina-utility-2] org.apache.catalina.core.StandardContext.reload Reloading Context with name [/socialmagnet] is completed
04-Apr-2020 19:05:30.371 INFO [Catalina-utility-1] org.apache.catalina.core.StandardContext.reload Reloading Context with name [/socialmagnet] has started
04-Apr-2020 19:05:31.583 INFO [Catalina-utility-1] org.apache.jasper.servlet.TldScanner.scanJars At least one JAR was scanned for TLDs yet contained no TLDs. Enable debug logging for this logger for a complete list of JARs that were scanned but no TLDs were found in them. Skipping unneeded JARs during scanning can improve startup time and JSP compilation time.
04-Apr-2020 19:05:31.592 INFO [Catalina-utility-1] org.apache.catalina.core.StandardContext.reload Reloading Context with name [/socialmagnet] is completed
04-Apr-2020 19:07:22.646 INFO [Catalina-utility-1] org.apache.catalina.core.StandardContext.reload Reloading Context with name [/socialmagnet] has started
04-Apr-2020 19:07:23.863 INFO [Catalina-utility-1] org.apache.jasper.servlet.TldScanner.scanJars At least one JAR was scanned for TLDs yet contained no TLDs. Enable debug logging for this logger for a complete list of JARs that were scanned but no TLDs were found in them. Skipping unneeded JARs during scanning can improve startup time and JSP compilation time.
04-Apr-2020 19:07:23.874 INFO [Catalina-utility-1] org.apache.catalina.core.StandardContext.reload Reloading Context with name [/socialmagnet] is completed
04-Apr-2020 19:09:14.729 INFO [Catalina-utility-2] org.apache.catalina.core.StandardContext.reload Reloading Context with name [/socialmagnet] has started
04-Apr-2020 19:09:15.930 INFO [Catalina-utility-2] org.apache.jasper.servlet.TldScanner.scanJars At least one JAR was scanned for TLDs yet contained no TLDs. Enable debug logging for this logger for a complete list of JARs that were scanned but no TLDs were found in them. Skipping unneeded JARs during scanning can improve startup time and JSP compilation time.
04-Apr-2020 19:09:15.941 INFO [Catalina-utility-2] org.apache.catalina.core.StandardContext.reload Reloading Context with name [/socialmagnet] is completed
04-Apr-2020 19:10:46.839 INFO [Catalina-utility-1] org.apache.catalina.core.StandardContext.reload Reloading Context with name [/socialmagnet] has started
04-Apr-2020 19:10:47.969 INFO [Catalina-utility-1] org.apache.jasper.servlet.TldScanner.scanJars At least one JAR was scanned for TLDs yet contained no TLDs. Enable debug logging for this logger for a complete list of JARs that were scanned but no TLDs were found in them. Skipping unneeded JARs during scanning can improve startup time and JSP compilation time.
04-Apr-2020 19:10:47.978 INFO [Catalina-utility-1] org.apache.catalina.core.StandardContext.reload Reloading Context with name [/socialmagnet] is completed
04-Apr-2020 19:15:10.591 INFO [Catalina-utility-1] org.apache.catalina.core.StandardContext.reload Reloading Context with name [/socialmagnet] has started
04-Apr-2020 19:15:11.521 INFO [Catalina-utility-1] org.apache.jasper.servlet.TldScanner.scanJars At least one JAR was scanned for TLDs yet contained no TLDs. Enable debug logging for this logger for a complete list of JARs that were scanned but no TLDs were found in them. Skipping unneeded JARs during scanning can improve startup time and JSP compilation time.
04-Apr-2020 19:15:11.529 INFO [Catalina-utility-1] org.apache.catalina.core.StandardContext.reload Reloading Context with name [/socialmagnet] is completed
04-Apr-2020 19:26:57.956 INFO [Catalina-utility-1] org.apache.catalina.core.StandardContext.reload Reloading Context with name [/socialmagnet] has started
04-Apr-2020 19:26:59.063 INFO [Catalina-utility-1] org.apache.jasper.servlet.TldScanner.scanJars At least one JAR was scanned for TLDs yet contained no TLDs. Enable debug logging for this logger for a complete list of JARs that were scanned but no TLDs were found in them. Skipping unneeded JARs during scanning can improve startup time and JSP compilation time.
04-Apr-2020 19:26:59.072 INFO [Catalina-utility-1] org.apache.catalina.core.StandardContext.reload Reloading Context with name [/socialmagnet] is completed
04-Apr-2020 19:27:49.796 INFO [Catalina-utility-2] org.apache.catalina.core.StandardContext.reload Reloading Context with name [/socialmagnet] has started
04-Apr-2020 19:27:50.817 INFO [Catalina-utility-2] org.apache.jasper.servlet.TldScanner.scanJars At least one JAR was scanned for TLDs yet contained no TLDs. Enable debug logging for this logger for a complete list of JARs that were scanned but no TLDs were found in them. Skipping unneeded JARs during scanning can improve startup time and JSP compilation time.
04-Apr-2020 19:27:50.827 INFO [Catalina-utility-2] org.apache.catalina.core.StandardContext.reload Reloading Context with name [/socialmagnet] is completed
04-Apr-2020 19:30:22.246 INFO [Catalina-utility-2] org.apache.catalina.core.StandardContext.reload Reloading Context with name [/socialmagnet] has started
04-Apr-2020 19:30:23.311 INFO [Catalina-utility-2] org.apache.jasper.servlet.TldScanner.scanJars At least one JAR was scanned for TLDs yet contained no TLDs. Enable debug logging for this logger for a complete list of JARs that were scanned but no TLDs were found in them. Skipping unneeded JARs during scanning can improve startup time and JSP compilation time.
04-Apr-2020 19:30:23.328 INFO [Catalina-utility-2] org.apache.catalina.core.StandardContext.reload Reloading Context with name [/socialmagnet] is completed
04-Apr-2020 19:30:33.427 INFO [Catalina-utility-2] org.apache.catalina.core.StandardContext.reload Reloading Context with name [/socialmagnet] has started
04-Apr-2020 19:30:34.521 INFO [Catalina-utility-2] org.apache.jasper.servlet.TldScanner.scanJars At least one JAR was scanned for TLDs yet contained no TLDs. Enable debug logging for this logger for a complete list of JARs that were scanned but no TLDs were found in them. Skipping unneeded JARs during scanning can improve startup time and JSP compilation time.
04-Apr-2020 19:30:34.527 INFO [Catalina-utility-2] org.apache.catalina.core.StandardContext.reload Reloading Context with name [/socialmagnet] is completed
04-Apr-2020 19:32:05.161 INFO [Catalina-utility-2] org.apache.catalina.core.StandardContext.reload Reloading Context with name [/socialmagnet] has started
04-Apr-2020 19:32:06.133 INFO [Catalina-utility-2] org.apache.jasper.servlet.TldScanner.scanJars At least one JAR was scanned for TLDs yet contained no TLDs. Enable debug logging for this logger for a complete list of JARs that were scanned but no TLDs were found in them. Skipping unneeded JARs during scanning can improve startup time and JSP compilation time.
04-Apr-2020 19:32:06.140 INFO [Catalina-utility-2] org.apache.catalina.core.StandardContext.reload Reloading Context with name [/socialmagnet] is completed
04-Apr-2020 19:32:46.487 INFO [Catalina-utility-1] org.apache.catalina.core.StandardContext.reload Reloading Context with name [/socialmagnet] has started
04-Apr-2020 19:32:47.412 INFO [Catalina-utility-1] org.apache.jasper.servlet.TldScanner.scanJars At least one JAR was scanned for TLDs yet contained no TLDs. Enable debug logging for this logger for a complete list of JARs that were scanned but no TLDs were found in them. Skipping unneeded JARs during scanning can improve startup time and JSP compilation time.
04-Apr-2020 19:32:47.420 INFO [Catalina-utility-1] org.apache.catalina.core.StandardContext.reload Reloading Context with name [/socialmagnet] is completed
04-Apr-2020 19:33:37.757 INFO [Catalina-utility-2] org.apache.catalina.core.StandardContext.reload Reloading Context with name [/socialmagnet] has started
04-Apr-2020 19:33:38.707 INFO [Catalina-utility-2] org.apache.jasper.servlet.TldScanner.scanJars At least one JAR was scanned for TLDs yet contained no TLDs. Enable debug logging for this logger for a complete list of JARs that were scanned but no TLDs were found in them. Skipping unneeded JARs during scanning can improve startup time and JSP compilation time.
04-Apr-2020 19:33:38.714 INFO [Catalina-utility-2] org.apache.catalina.core.StandardContext.reload Reloading Context with name [/socialmagnet] is completed
04-Apr-2020 19:35:49.745 INFO [Catalina-utility-2] org.apache.catalina.core.StandardContext.reload Reloading Context with name [/socialmagnet] has started
04-Apr-2020 19:36:44.417 INFO [Catalina-utility-2] org.apache.jasper.servlet.TldScanner.scanJars At least one JAR was scanned for TLDs yet contained no TLDs. Enable debug logging for this logger for a complete list of JARs that were scanned but no TLDs were found in them. Skipping unneeded JARs during scanning can improve startup time and JSP compilation time.
04-Apr-2020 19:36:44.424 INFO [Catalina-utility-2] org.apache.catalina.core.StandardContext.reload Reloading Context with name [/socialmagnet] is completed
04-Apr-2020 19:36:46.624 INFO [Thread-3] org.apache.coyote.AbstractProtocol.pause Pausing ProtocolHandler ["http-nio-8080"]
04-Apr-2020 19:36:46.772 INFO [Thread-3] org.apache.catalina.core.StandardService.stopInternal Stopping service [Catalina]
04-Apr-2020 19:36:46.839 INFO [Thread-3] org.apache.coyote.AbstractProtocol.stop Stopping ProtocolHandler ["http-nio-8080"]
04-Apr-2020 19:36:46.849 INFO [Thread-3] org.apache.coyote.AbstractProtocol.destroy Destroying ProtocolHandler ["http-nio-8080"]
04-Apr-2020 19:37:28.048 INFO [main] org.apache.catalina.startup.VersionLoggerListener.log Server version name:   Apache Tomcat/9.0.33
04-Apr-2020 19:37:28.054 INFO [main] org.apache.catalina.startup.VersionLoggerListener.log Server built:          Mar 11 2020 09:31:38 UTC
04-Apr-2020 19:37:28.055 INFO [main] org.apache.catalina.startup.VersionLoggerListener.log Server version number: 9.0.33.0
04-Apr-2020 19:37:28.055 INFO [main] org.apache.catalina.startup.VersionLoggerListener.log OS Name:               Windows 10
04-Apr-2020 19:37:28.055 INFO [main] org.apache.catalina.startup.VersionLoggerListener.log OS Version:            10.0
04-Apr-2020 19:37:28.056 INFO [main] org.apache.catalina.startup.VersionLoggerListener.log Architecture:          amd64
04-Apr-2020 19:37:28.056 INFO [main] org.apache.catalina.startup.VersionLoggerListener.log Java Home:             C:\Program Files\Java\jdk-13.0.2
04-Apr-2020 19:37:28.056 INFO [main] org.apache.catalina.startup.VersionLoggerListener.log JVM Version:           13.0.2+8
04-Apr-2020 19:37:28.057 INFO [main] org.apache.catalina.startup.VersionLoggerListener.log JVM Vendor:            Oracle Corporation
04-Apr-2020 19:37:28.057 INFO [main] org.apache.catalina.startup.VersionLoggerListener.log CATALINA_BASE:         C:\Users\Low Louis Joshua\Documents\GitHub\is442-g1t10-is442\src\web\tomcat
04-Apr-2020 19:37:28.058 INFO [main] org.apache.catalina.startup.VersionLoggerListener.log CATALINA_HOME:         C:\Users\Low Louis Joshua\Documents\GitHub\is442-g1t10-is442\src\web\tomcat
04-Apr-2020 19:37:28.102 INFO [main] org.apache.catalina.startup.VersionLoggerListener.log Command line argument: --add-opens=java.base/java.lang=ALL-UNNAMED
04-Apr-2020 19:37:28.103 INFO [main] org.apache.catalina.startup.VersionLoggerListener.log Command line argument: --add-opens=java.base/java.io=ALL-UNNAMED
04-Apr-2020 19:37:28.103 INFO [main] org.apache.catalina.startup.VersionLoggerListener.log Command line argument: --add-opens=java.rmi/sun.rmi.transport=ALL-UNNAMED
04-Apr-2020 19:37:28.104 INFO [main] org.apache.catalina.startup.VersionLoggerListener.log Command line argument: -Djava.util.logging.config.file=C:\Users\Low Louis Joshua\Documents\GitHub\is442-g1t10-is442\src\web\tomcat\conf\logging.properties
04-Apr-2020 19:37:28.104 INFO [main] org.apache.catalina.startup.VersionLoggerListener.log Command line argument: -Djava.util.logging.manager=org.apache.juli.ClassLoaderLogManager
04-Apr-2020 19:37:28.104 INFO [main] org.apache.catalina.startup.VersionLoggerListener.log Command line argument: -Djdk.tls.ephemeralDHKeySize=2048
04-Apr-2020 19:37:28.105 INFO [main] org.apache.catalina.startup.VersionLoggerListener.log Command line argument: -Djava.protocol.handler.pkgs=org.apache.catalina.webresources
04-Apr-2020 19:37:28.106 INFO [main] org.apache.catalina.startup.VersionLoggerListener.log Command line argument: -Dignore.endorsed.dirs=
04-Apr-2020 19:37:28.107 INFO [main] org.apache.catalina.startup.VersionLoggerListener.log Command line argument: -Dcatalina.base=C:\Users\Low Louis Joshua\Documents\GitHub\is442-g1t10-is442\src\web\tomcat
04-Apr-2020 19:37:28.107 INFO [main] org.apache.catalina.startup.VersionLoggerListener.log Command line argument: -Dcatalina.home=C:\Users\Low Louis Joshua\Documents\GitHub\is442-g1t10-is442\src\web\tomcat
04-Apr-2020 19:37:28.108 INFO [main] org.apache.catalina.startup.VersionLoggerListener.log Command line argument: -Djava.io.tmpdir=C:\Users\Low Louis Joshua\Documents\GitHub\is442-g1t10-is442\src\web\tomcat\temp
04-Apr-2020 19:37:28.108 INFO [main] org.apache.catalina.core.AprLifecycleListener.lifecycleEvent The APR based Apache Tomcat Native library which allows optimal performance in production environments was not found on the java.library.path: [C:\Program Files\Java\jdk-13.0.2\bin;C:\Windows\Sun\Java\bin;C:\Windows\system32;C:\Windows;C:\Program Files (x86)\Intel\iCLS Client\;C:\Program Files\Intel\iCLS Client\;C:\Windows\system32;C:\Windows;C:\Windows\System32\Wbem;C:\Windows\System32\WindowsPowerShell\v1.0\;C:\Windows\System32\OpenSSH\;C:\Program Files\dotnet\;C:\Program Files\Microsoft SQL Server\130\Tools\Binn\;C:\Program Files\PuTTY\;C:\Users\Low Louis Joshua\.dnx\bin;C:\Program Files\Microsoft DNX\Dnvm\;C:\Program Files\Docker\Docker\resources\bin;C:\ProgramData\DockerDesktop\version-bin;C:\Program Files\Git LFS;C:\Program Files\Java\jdk-13.0.2\bin;C:\Users\Low Louis Joshua\AppData\Local\Programs\Python\Python38\Scripts\;C:\Users\Low Louis Joshua\AppData\Local\Programs\Python\Python38\;C:\Users\Low Louis Joshua\AppData\Local\Microsoft\WindowsApps;C:\Users\Low Louis Joshua\AppData\Local\Programs\Microsoft VS Code\bin;C:\Users\Low Louis Joshua\AppData\Local\GitHubDesktop\bin;;.]
04-Apr-2020 19:37:28.567 INFO [main] org.apache.coyote.AbstractProtocol.init Initializing ProtocolHandler ["http-nio-8080"]
04-Apr-2020 19:37:28.855 INFO [main] org.apache.catalina.startup.Catalina.load Server initialization in [1,108] milliseconds
04-Apr-2020 19:37:28.904 INFO [main] org.apache.catalina.core.StandardService.startInternal Starting service [Catalina]
04-Apr-2020 19:37:28.905 INFO [main] org.apache.catalina.core.StandardEngine.startInternal Starting Servlet engine: [Apache Tomcat/9.0.33]
04-Apr-2020 19:37:28.920 INFO [main] org.apache.catalina.startup.HostConfig.deployDirectory Deploying web application directory [C:\Users\Low Louis Joshua\Documents\GitHub\is442-g1t10-is442\src\web\tomcat\webapps\docs]
04-Apr-2020 19:37:30.122 INFO [main] org.apache.jasper.servlet.TldScanner.scanJars At least one JAR was scanned for TLDs yet contained no TLDs. Enable debug logging for this logger for a complete list of JARs that were scanned but no TLDs were found in them. Skipping unneeded JARs during scanning can improve startup time and JSP compilation time.
04-Apr-2020 19:37:30.276 WARNING [main] org.apache.catalina.util.SessionIdGeneratorBase.createSecureRandom Creation of SecureRandom instance for session ID generation using [SHA1PRNG] took [125] milliseconds.
04-Apr-2020 19:37:30.317 INFO [main] org.apache.catalina.startup.HostConfig.deployDirectory Deployment of web application directory [C:\Users\Low Louis Joshua\Documents\GitHub\is442-g1t10-is442\src\web\tomcat\webapps\docs] has finished in [1,397] ms
04-Apr-2020 19:37:30.318 INFO [main] org.apache.catalina.startup.HostConfig.deployDirectory Deploying web application directory [C:\Users\Low Louis Joshua\Documents\GitHub\is442-g1t10-is442\src\web\tomcat\webapps\examples]
04-Apr-2020 19:37:32.056 INFO [main] org.apache.jasper.servlet.TldScanner.scanJars At least one JAR was scanned for TLDs yet contained no TLDs. Enable debug logging for this logger for a complete list of JARs that were scanned but no TLDs were found in them. Skipping unneeded JARs during scanning can improve startup time and JSP compilation time.
04-Apr-2020 19:37:32.156 INFO [main] org.apache.catalina.startup.HostConfig.deployDirectory Deployment of web application directory [C:\Users\Low Louis Joshua\Documents\GitHub\is442-g1t10-is442\src\web\tomcat\webapps\examples] has finished in [1,839] ms
04-Apr-2020 19:37:32.157 INFO [main] org.apache.catalina.startup.HostConfig.deployDirectory Deploying web application directory [C:\Users\Low Louis Joshua\Documents\GitHub\is442-g1t10-is442\src\web\tomcat\webapps\host-manager]
04-Apr-2020 19:37:33.001 INFO [main] org.apache.jasper.servlet.TldScanner.scanJars At least one JAR was scanned for TLDs yet contained no TLDs. Enable debug logging for this logger for a complete list of JARs that were scanned but no TLDs were found in them. Skipping unneeded JARs during scanning can improve startup time and JSP compilation time.
04-Apr-2020 19:37:33.012 INFO [main] org.apache.catalina.startup.HostConfig.deployDirectory Deployment of web application directory [C:\Users\Low Louis Joshua\Documents\GitHub\is442-g1t10-is442\src\web\tomcat\webapps\host-manager] has finished in [854] ms
04-Apr-2020 19:37:33.012 INFO [main] org.apache.catalina.startup.HostConfig.deployDirectory Deploying web application directory [C:\Users\Low Louis Joshua\Documents\GitHub\is442-g1t10-is442\src\web\tomcat\webapps\manager]
04-Apr-2020 19:37:33.942 INFO [main] org.apache.jasper.servlet.TldScanner.scanJars At least one JAR was scanned for TLDs yet contained no TLDs. Enable debug logging for this logger for a complete list of JARs that were scanned but no TLDs were found in them. Skipping unneeded JARs during scanning can improve startup time and JSP compilation time.
04-Apr-2020 19:37:33.951 INFO [main] org.apache.catalina.startup.HostConfig.deployDirectory Deployment of web application directory [C:\Users\Low Louis Joshua\Documents\GitHub\is442-g1t10-is442\src\web\tomcat\webapps\manager] has finished in [939] ms
04-Apr-2020 19:37:33.952 INFO [main] org.apache.catalina.startup.HostConfig.deployDirectory Deploying web application directory [C:\Users\Low Louis Joshua\Documents\GitHub\is442-g1t10-is442\src\web\tomcat\webapps\ROOT]
04-Apr-2020 19:37:34.895 INFO [main] org.apache.jasper.servlet.TldScanner.scanJars At least one JAR was scanned for TLDs yet contained no TLDs. Enable debug logging for this logger for a complete list of JARs that were scanned but no TLDs were found in them. Skipping unneeded JARs during scanning can improve startup time and JSP compilation time.
04-Apr-2020 19:37:34.903 INFO [main] org.apache.catalina.startup.HostConfig.deployDirectory Deployment of web application directory [C:\Users\Low Louis Joshua\Documents\GitHub\is442-g1t10-is442\src\web\tomcat\webapps\ROOT] has finished in [951] ms
04-Apr-2020 19:37:34.907 INFO [main] org.apache.catalina.startup.HostConfig.deployDirectory Deploying web application directory [C:\Users\Low Louis Joshua\Documents\GitHub\is442-g1t10-is442\src\web\tomcat\webapps\socialmagnet]
04-Apr-2020 19:37:35.756 INFO [main] org.apache.jasper.servlet.TldScanner.scanJars At least one JAR was scanned for TLDs yet contained no TLDs. Enable debug logging for this logger for a complete list of JARs that were scanned but no TLDs were found in them. Skipping unneeded JARs during scanning can improve startup time and JSP compilation time.
04-Apr-2020 19:37:35.788 INFO [main] org.apache.catalina.startup.HostConfig.deployDirectory Deployment of web application directory [C:\Users\Low Louis Joshua\Documents\GitHub\is442-g1t10-is442\src\web\tomcat\webapps\socialmagnet] has finished in [882] ms
04-Apr-2020 19:37:35.794 INFO [main] org.apache.coyote.AbstractProtocol.start Starting ProtocolHandler ["http-nio-8080"]
04-Apr-2020 19:37:35.809 INFO [main] org.apache.catalina.startup.Catalina.start Server startup in [6,952] milliseconds
